<?xml version="1.0" encoding="UTF-8"?>
<coverage generated="1747224195157" clover="3.2.0">
  <project timestamp="1747224195157" name="All files">
    <metrics statements="291" coveredstatements="290" conditionals="113" coveredconditionals="108" methods="90" coveredmethods="89" elements="494" coveredelements="487" complexity="0" loc="291" ncloc="291" packages="9" files="17" classes="17"/>
    <package name="src">
      <metrics statements="32" coveredstatements="32" conditionals="10" coveredconditionals="10" methods="7" coveredmethods="7"/>
      <file name="App.tsx" path="D:\NexTurn\user-profile-app\src\App.tsx">
        <metrics statements="32" coveredstatements="32" conditionals="10" coveredconditionals="10" methods="7" coveredmethods="7"/>
        <line num="1" count="3" type="stmt"/>
        <line num="2" count="3" type="stmt"/>
        <line num="3" count="3" type="stmt"/>
        <line num="5" count="3" type="stmt"/>
        <line num="6" count="3" type="stmt"/>
        <line num="7" count="3" type="stmt"/>
        <line num="11" count="3" type="stmt"/>
        <line num="12" count="17" type="stmt"/>
        <line num="13" count="17" type="stmt"/>
        <line num="14" count="17" type="stmt"/>
        <line num="15" count="17" type="stmt"/>
        <line num="16" count="17" type="stmt"/>
        <line num="19" count="17" type="stmt"/>
        <line num="33" count="17" type="stmt"/>
        <line num="34" count="2" type="stmt"/>
        <line num="35" count="2" type="stmt"/>
        <line num="36" count="2" type="stmt"/>
        <line num="39" count="17" type="stmt"/>
        <line num="40" count="4" type="stmt"/>
        <line num="43" count="17" type="stmt"/>
        <line num="44" count="2" type="cond" truecount="2" falsecount="0"/>
        <line num="45" count="1" type="stmt"/>
        <line num="47" count="1" type="stmt"/>
        <line num="49" count="2" type="stmt"/>
        <line num="50" count="2" type="stmt"/>
        <line num="53" count="17" type="stmt"/>
        <line num="59" count="1" type="stmt"/>
        <line num="69" count="2" type="stmt"/>
        <line num="70" count="2" type="stmt"/>
        <line num="71" count="2" type="stmt"/>
        <line num="74" count="1" type="stmt"/>
        <line num="88" count="3" type="stmt"/>
      </file>
    </package>
    <package name="src.api">
      <metrics statements="2" coveredstatements="2" conditionals="0" coveredconditionals="0" methods="0" coveredmethods="0"/>
      <file name="axios.ts" path="D:\NexTurn\user-profile-app\src\api\axios.ts">
        <metrics statements="2" coveredstatements="2" conditionals="0" coveredconditionals="0" methods="0" coveredmethods="0"/>
        <line num="1" count="3" type="stmt"/>
        <line num="3" count="3" type="stmt"/>
      </file>
    </package>
    <package name="src.assets.uiText">
      <metrics statements="2" coveredstatements="2" conditionals="0" coveredconditionals="0" methods="0" coveredmethods="0"/>
      <file name="form.ts" path="D:\NexTurn\user-profile-app\src\assets\uiText\form.ts">
        <metrics statements="1" coveredstatements="1" conditionals="0" coveredconditionals="0" methods="0" coveredmethods="0"/>
        <line num="1" count="3" type="stmt"/>
      </file>
      <file name="table.ts" path="D:\NexTurn\user-profile-app\src\assets\uiText\table.ts">
        <metrics statements="1" coveredstatements="1" conditionals="0" coveredconditionals="0" methods="0" coveredmethods="0"/>
        <line num="1" count="3" type="stmt"/>
      </file>
    </package>
    <package name="src.components">
      <metrics statements="130" coveredstatements="129" conditionals="81" coveredconditionals="76" methods="41" coveredmethods="40"/>
      <file name="Button.tsx" path="D:\NexTurn\user-profile-app\src\components\Button.tsx">
        <metrics statements="5" coveredstatements="5" conditionals="0" coveredconditionals="0" methods="1" coveredmethods="1"/>
        <line num="1" count="3" type="stmt"/>
        <line num="2" count="3" type="stmt"/>
        <line num="8" count="34" type="stmt"/>
        <line num="9" count="34" type="stmt"/>
        <line num="22" count="3" type="stmt"/>
      </file>
      <file name="FormProfile.tsx" path="D:\NexTurn\user-profile-app\src\components\FormProfile.tsx">
        <metrics statements="99" coveredstatements="98" conditionals="61" coveredconditionals="56" methods="30" coveredmethods="29"/>
        <line num="1" count="3" type="stmt"/>
        <line num="3" count="3" type="stmt"/>
        <line num="4" count="3" type="stmt"/>
        <line num="10" count="3" type="stmt"/>
        <line num="11" count="3" type="stmt"/>
        <line num="12" count="3" type="stmt"/>
        <line num="13" count="3" type="stmt"/>
        <line num="14" count="3" type="stmt"/>
        <line num="15" count="3" type="stmt"/>
        <line num="26" count="63" type="cond" truecount="1" falsecount="1"/>
        <line num="28" count="63" type="stmt"/>
        <line num="29" count="63" type="stmt"/>
        <line num="30" count="63" type="stmt"/>
        <line num="31" count="63" type="stmt"/>
        <line num="32" count="63" type="stmt"/>
        <line num="33" count="63" type="stmt"/>
        <line num="34" count="63" type="stmt"/>
        <line num="35" count="63" type="stmt"/>
        <line num="36" count="63" type="stmt"/>
        <line num="37" count="63" type="stmt"/>
        <line num="38" count="63" type="stmt"/>
        <line num="39" count="63" type="stmt"/>
        <line num="40" count="34" type="cond" truecount="1" falsecount="0"/>
        <line num="41" count="12" type="stmt"/>
        <line num="42" count="12" type="stmt"/>
        <line num="46" count="63" type="stmt"/>
        <line num="47" count="17" type="stmt"/>
        <line num="50" count="63" type="stmt"/>
        <line num="51" count="163" type="stmt"/>
        <line num="53" count="163" type="stmt"/>
        <line num="54" count="727" type="cond" truecount="3" falsecount="0"/>
        <line num="56" count="163" type="cond" truecount="12" falsecount="3"/>
        <line num="59" count="791" type="cond" truecount="2" falsecount="0"/>
        <line num="60" count="791" type="cond" truecount="1" falsecount="0"/>
        <line num="61" count="727" type="stmt"/>
        <line num="64" count="163" type="cond" truecount="1" falsecount="0"/>
        <line num="65" count="8" type="stmt"/>
        <line num="66" count="8" type="stmt"/>
        <line num="69" count="163" type="stmt"/>
        <line num="78" count="63" type="stmt"/>
        <line num="79" count="2" type="stmt"/>
        <line num="80" count="2" type="stmt"/>
        <line num="82" count="2" type="cond" truecount="2" falsecount="0"/>
        <line num="83" count="1" type="stmt"/>
        <line num="84" count="1" type="stmt"/>
        <line num="85" count="1" type="stmt"/>
        <line num="86" count="1" type="stmt"/>
        <line num="88" count="1" type="stmt"/>
        <line num="95" count="1" type="stmt"/>
        <line num="96" count="1" type="stmt"/>
        <line num="98" count="1" type="stmt"/>
        <line num="107" count="63" type="stmt"/>
        <line num="108" count="2" type="stmt"/>
        <line num="109" count="2" type="stmt"/>
        <line num="111" count="2" type="cond" truecount="2" falsecount="0"/>
        <line num="112" count="1" type="stmt"/>
        <line num="113" count="1" type="stmt"/>
        <line num="114" count="1" type="stmt"/>
        <line num="115" count="1" type="stmt"/>
        <line num="117" count="1" type="stmt"/>
        <line num="124" count="1" type="stmt"/>
        <line num="125" count="1" type="stmt"/>
        <line num="127" count="1" type="stmt"/>
        <line num="137" count="63" type="stmt"/>
        <line num="140" count="1" type="stmt"/>
        <line num="141" count="1" type="stmt"/>
        <line num="143" count="1" type="stmt"/>
        <line num="144" count="0" type="stmt"/>
        <line num="154" count="3" type="stmt"/>
        <line num="155" count="3" type="stmt"/>
        <line num="215" count="27" type="stmt"/>
        <line num="244" count="1674" type="stmt"/>
        <line num="256" count="648" type="stmt"/>
        <line num="268" count="5400" type="stmt"/>
        <line num="293" count="2" type="stmt"/>
        <line num="294" count="2" type="stmt"/>
        <line num="298" count="108" type="stmt"/>
        <line num="324" count="4" type="stmt"/>
        <line num="325" count="4" type="cond" truecount="1" falsecount="1"/>
        <line num="334" count="1" type="stmt"/>
        <line num="335" count="1" type="stmt"/>
        <line num="339" count="62" type="stmt"/>
        <line num="358" count="5" type="stmt"/>
        <line num="359" count="5" type="cond" truecount="2" falsecount="0"/>
        <line num="360" count="5" type="stmt"/>
        <line num="361" count="5" type="stmt"/>
        <line num="376" count="2" type="stmt"/>
        <line num="377" count="2" type="cond" truecount="2" falsecount="0"/>
        <line num="378" count="2" type="stmt"/>
        <line num="379" count="2" type="stmt"/>
        <line num="387" count="1" type="stmt"/>
        <line num="388" count="1" type="stmt"/>
        <line num="392" count="46" type="stmt"/>
        <line num="410" count="162" type="stmt"/>
        <line num="420" count="2" type="stmt"/>
        <line num="424" count="2" type="stmt"/>
        <line num="425" count="2" type="stmt"/>
        <line num="431" count="1" type="stmt"/>
        <line num="454" count="3" type="stmt"/>
      </file>
      <file name="Modal.tsx" path="D:\NexTurn\user-profile-app\src\components\Modal.tsx">
        <metrics statements="5" coveredstatements="5" conditionals="1" coveredconditionals="1" methods="1" coveredmethods="1"/>
        <line num="1" count="3" type="stmt"/>
        <line num="9" count="149" type="stmt"/>
        <line num="10" count="149" type="cond" truecount="1" falsecount="0"/>
        <line num="12" count="10" type="stmt"/>
        <line num="27" count="3" type="stmt"/>
      </file>
      <file name="PolicyContent.tsx" path="D:\NexTurn\user-profile-app\src\components\PolicyContent.tsx">
        <metrics statements="5" coveredstatements="5" conditionals="0" coveredconditionals="0" methods="1" coveredmethods="1"/>
        <line num="1" count="3" type="stmt"/>
        <line num="2" count="3" type="stmt"/>
        <line num="6" count="3" type="stmt"/>
        <line num="7" count="2" type="stmt"/>
        <line num="31" count="3" type="stmt"/>
      </file>
      <file name="ResetPassword.tsx" path="D:\NexTurn\user-profile-app\src\components\ResetPassword.tsx">
        <metrics statements="16" coveredstatements="16" conditionals="19" coveredconditionals="19" methods="8" coveredmethods="8"/>
        <line num="1" count="3" type="stmt"/>
        <line num="5" count="46" type="stmt"/>
        <line num="6" count="46" type="stmt"/>
        <line num="7" count="46" type="stmt"/>
        <line num="8" count="46" type="stmt"/>
        <line num="10" count="46" type="cond" truecount="2" falsecount="0"/>
        <line num="12" count="46" type="cond" truecount="3" falsecount="0"/>
        <line num="14" count="46" type="stmt"/>
        <line num="15" count="1" type="stmt"/>
        <line num="16" count="1" type="stmt"/>
        <line num="19" count="46" type="stmt"/>
        <line num="38" count="20" type="stmt"/>
        <line num="45" count="2" type="stmt"/>
        <line num="66" count="20" type="stmt"/>
        <line num="73" count="1" type="stmt"/>
        <line num="97" count="3" type="stmt"/>
      </file>
    </package>
    <package name="src.components.Loader">
      <metrics statements="6" coveredstatements="6" conditionals="0" coveredconditionals="0" methods="1" coveredmethods="1"/>
      <file name="Loader.tsx" path="D:\NexTurn\user-profile-app\src\components\Loader\Loader.tsx">
        <metrics statements="6" coveredstatements="6" conditionals="0" coveredconditionals="0" methods="1" coveredmethods="1"/>
        <line num="1" count="3" type="stmt"/>
        <line num="2" count="3" type="stmt"/>
        <line num="3" count="3" type="stmt"/>
        <line num="5" count="3" type="stmt"/>
        <line num="6" count="17" type="stmt"/>
        <line num="13" count="3" type="stmt"/>
      </file>
    </package>
    <package name="src.components.UserTable">
      <metrics statements="77" coveredstatements="77" conditionals="15" coveredconditionals="15" methods="23" coveredmethods="23"/>
      <file name="FilterBar.tsx" path="D:\NexTurn\user-profile-app\src\components\UserTable\FilterBar.tsx">
        <metrics statements="20" coveredstatements="20" conditionals="5" coveredconditionals="5" methods="5" coveredmethods="5"/>
        <line num="1" count="3" type="stmt"/>
        <line num="2" count="3" type="stmt"/>
        <line num="3" count="3" type="stmt"/>
        <line num="4" count="3" type="stmt"/>
        <line num="13" count="3" type="stmt"/>
        <line num="15" count="3" type="stmt"/>
        <line num="16" count="45" type="stmt"/>
        <line num="17" count="45" type="stmt"/>
        <line num="18" count="45" type="stmt"/>
        <line num="19" count="45" type="stmt"/>
        <line num="21" count="45" type="stmt"/>
        <line num="23" count="45" type="stmt"/>
        <line num="24" count="5" type="cond" truecount="1" falsecount="0"/>
        <line num="25" count="1" type="stmt"/>
        <line num="26" count="1" type="stmt"/>
        <line num="30" count="45" type="stmt"/>
        <line num="34" count="4" type="stmt"/>
        <line num="42" count="180" type="stmt"/>
        <line num="46" count="1" type="stmt"/>
        <line num="57" count="3" type="stmt"/>
      </file>
      <file name="TableComponent.tsx" path="D:\NexTurn\user-profile-app\src\components\UserTable\TableComponent.tsx">
        <metrics statements="34" coveredstatements="34" conditionals="6" coveredconditionals="6" methods="9" coveredmethods="9"/>
        <line num="1" count="3" type="stmt"/>
        <line num="2" count="3" type="stmt"/>
        <line num="3" count="3" type="stmt"/>
        <line num="4" count="3" type="stmt"/>
        <line num="5" count="3" type="stmt"/>
        <line num="6" count="3" type="stmt"/>
        <line num="8" count="3" type="stmt"/>
        <line num="9" count="3" type="stmt"/>
        <line num="10" count="3" type="stmt"/>
        <line num="11" count="3" type="stmt"/>
        <line num="12" count="3" type="stmt"/>
        <line num="21" count="58" type="stmt"/>
        <line num="22" count="58" type="stmt"/>
        <line num="23" count="58" type="stmt"/>
        <line num="24" count="58" type="stmt"/>
        <line num="25" count="58" type="stmt"/>
        <line num="26" count="58" type="stmt"/>
        <line num="27" count="58" type="stmt"/>
        <line num="28" count="58" type="stmt"/>
        <line num="29" count="58" type="stmt"/>
        <line num="30" count="34" type="stmt"/>
        <line num="31" count="17" type="stmt"/>
        <line num="33" count="33" type="stmt"/>
        <line num="39" count="15" type="stmt"/>
        <line num="41" count="1" type="stmt"/>
        <line num="42" count="1" type="stmt"/>
        <line num="46" count="17" type="stmt"/>
        <line num="50" count="58" type="stmt"/>
        <line num="52" count="1" type="stmt"/>
        <line num="67" count="3" type="stmt"/>
        <line num="76" count="181" type="cond" truecount="1" falsecount="0"/>
        <line num="77" count="124" type="cond" truecount="1" falsecount="0"/>
        <line num="78" count="67" type="stmt"/>
        <line num="87" count="3" type="stmt"/>
      </file>
      <file name="TableUser.tsx" path="D:\NexTurn\user-profile-app\src\components\UserTable\TableUser.tsx">
        <metrics statements="23" coveredstatements="23" conditionals="4" coveredconditionals="4" methods="9" coveredmethods="9"/>
        <line num="1" count="3" type="stmt"/>
        <line num="2" count="3" type="stmt"/>
        <line num="5" count="3" type="stmt"/>
        <line num="6" count="3" type="stmt"/>
        <line num="15" count="3" type="stmt"/>
        <line num="16" count="27" type="stmt"/>
        <line num="17" count="27" type="stmt"/>
        <line num="18" count="27" type="stmt"/>
        <line num="19" count="27" type="stmt"/>
        <line num="22" count="27" type="stmt"/>
        <line num="27" count="23" type="stmt"/>
        <line num="53" count="23" type="stmt"/>
        <line num="54" count="23" type="cond" truecount="1" falsecount="0"/>
        <line num="55" count="23" type="cond" truecount="1" falsecount="0"/>
        <line num="56" count="23" type="stmt"/>
        <line num="63" count="38" type="cond" truecount="1" falsecount="0"/>
        <line num="65" count="8" type="stmt"/>
        <line num="85" count="23" type="stmt"/>
        <line num="87" count="3" type="stmt"/>
        <line num="89" count="2" type="stmt"/>
        <line num="96" count="2" type="cond" truecount="1" falsecount="0"/>
        <line num="103" count="27" type="stmt"/>
        <line num="116" count="3" type="stmt"/>
      </file>
    </package>
    <package name="src.context">
      <metrics statements="28" coveredstatements="28" conditionals="7" coveredconditionals="7" methods="13" coveredmethods="13"/>
      <file name="Loader.tsx" path="D:\NexTurn\user-profile-app\src\context\Loader.tsx">
        <metrics statements="4" coveredstatements="4" conditionals="3" coveredconditionals="3" methods="1" coveredmethods="1"/>
        <line num="10" count="3" type="stmt"/>
        <line num="11" count="33" type="cond" truecount="3" falsecount="0"/>
        <line num="13" count="17" type="stmt"/>
        <line num="16" count="16" type="stmt"/>
      </file>
      <file name="ProfileContext.tsx" path="D:\NexTurn\user-profile-app\src\context\ProfileContext.tsx">
        <metrics statements="24" coveredstatements="24" conditionals="4" coveredconditionals="4" methods="12" coveredmethods="12"/>
        <line num="1" count="3" type="stmt"/>
        <line num="3" count="3" type="stmt"/>
        <line num="15" count="3" type="stmt"/>
        <line num="17" count="37" type="stmt"/>
        <line num="18" count="37" type="stmt"/>
        <line num="19" count="37" type="stmt"/>
        <line num="21" count="37" type="stmt"/>
        <line num="22" count="15" type="cond" truecount="1" falsecount="0"/>
        <line num="23" count="13" type="stmt"/>
        <line num="24" count="13" type="stmt"/>
        <line num="27" count="37" type="stmt"/>
        <line num="28" count="2" type="stmt"/>
        <line num="31" count="37" type="stmt"/>
        <line num="32" count="1" type="stmt"/>
        <line num="33" count="1" type="stmt"/>
        <line num="34" count="2" type="cond" truecount="2" falsecount="0"/>
        <line num="38" count="37" type="stmt"/>
        <line num="39" count="2" type="stmt"/>
        <line num="42" count="37" type="stmt"/>
        <line num="49" count="3" type="stmt"/>
        <line num="50" count="60" type="stmt"/>
        <line num="51" count="60" type="cond" truecount="1" falsecount="0"/>
        <line num="52" count="2" type="stmt"/>
        <line num="54" count="58" type="stmt"/>
      </file>
    </package>
    <package name="src.services">
      <metrics statements="3" coveredstatements="3" conditionals="0" coveredconditionals="0" methods="1" coveredmethods="1"/>
      <file name="profileService.ts" path="D:\NexTurn\user-profile-app\src\services\profileService.ts">
        <metrics statements="3" coveredstatements="3" conditionals="0" coveredconditionals="0" methods="1" coveredmethods="1"/>
        <line num="1" count="3" type="stmt"/>
        <line num="11" count="3" type="stmt"/>
        <line num="12" count="15" type="stmt"/>
      </file>
    </package>
    <package name="src.utils">
      <metrics statements="11" coveredstatements="11" conditionals="0" coveredconditionals="0" methods="4" coveredmethods="4"/>
      <file name="convertUnits.ts" path="D:\NexTurn\user-profile-app\src\utils\convertUnits.ts">
        <metrics statements="11" coveredstatements="11" conditionals="0" coveredconditionals="0" methods="4" coveredmethods="4"/>
        <line num="1" count="3" type="stmt"/>
        <line num="2" count="2" type="stmt"/>
        <line num="3" count="2" type="stmt"/>
        <line num="4" count="2" type="stmt"/>
        <line num="5" count="2" type="stmt"/>
        <line num="8" count="3" type="stmt"/>
        <line num="9" count="2" type="stmt"/>
        <line num="12" count="3" type="stmt"/>
        <line num="13" count="2" type="stmt"/>
        <line num="15" count="3" type="stmt"/>
        <line num="16" count="2" type="stmt"/>
      </file>
    </package>
  </project>
</coverage>
