{"D:\\NexTurn\\user-profile-app\\src\\App.tsx": {"path":"D:\\NexTurn\\user-profile-app\\src\\App.tsx","statementMap":{"0":{"start":{"line":1,"column":0},"end":{"line":1,"column":40}},"1":{"start":{"line":2,"column":0},"end":{"line":2,"column":41}},"2":{"start":{"line":3,"column":0},"end":{"line":3,"column":39}},"3":{"start":{"line":5,"column":0},"end":{"line":5,"column":54}},"4":{"start":{"line":6,"column":0},"end":{"line":6,"column":51}},"5":{"start":{"line":7,"column":0},"end":{"line":7,"column":67}},"6":{"start":{"line":11,"column":22},"end":{"line":86,"column":1}},"7":{"start":{"line":12,"column":55},"end":{"line":12,"column":67}},"8":{"start":{"line":12,"column":20},"end":{"line":12,"column":22}},"9":{"start":{"line":12,"column":35},"end":{"line":12,"column":37}},"10":{"start":{"line":12,"column":50},"end":{"line":12,"column":55}},"11":{"start":{"line":13,"column":46},"end":{"line":13,"column":76}},"12":{"start":{"line":13,"column":23},"end":{"line":13,"column":25}},"13":{"start":{"line":13,"column":42},"end":{"line":13,"column":46}},"14":{"start":{"line":14,"column":36},"end":{"line":14,"column":51}},"15":{"start":{"line":14,"column":18},"end":{"line":14,"column":20}},"16":{"start":{"line":14,"column":32},"end":{"line":14,"column":36}},"17":{"start":{"line":15,"column":36},"end":{"line":15,"column":51}},"18":{"start":{"line":15,"column":18},"end":{"line":15,"column":20}},"19":{"start":{"line":15,"column":32},"end":{"line":15,"column":36}},"20":{"start":{"line":16,"column":26},"end":{"line":16,"column":64}},"21":{"start":{"line":16,"column":13},"end":{"line":16,"column":15}},"22":{"start":{"line":16,"column":22},"end":{"line":16,"column":26}},"23":{"start":{"line":19,"column":34},"end":{"line":31,"column":4}},"24":{"start":{"line":33,"column":23},"end":{"line":37,"column":3}},"25":{"start":{"line":34,"column":4},"end":{"line":34,"column":22}},"26":{"start":{"line":35,"column":4},"end":{"line":35,"column":28}},"27":{"start":{"line":36,"column":4},"end":{"line":36,"column":23}},"28":{"start":{"line":39,"column":22},"end":{"line":41,"column":3}},"29":{"start":{"line":40,"column":4},"end":{"line":40,"column":29}},"30":{"start":{"line":43,"column":23},"end":{"line":51,"column":3}},"31":{"start":{"line":44,"column":4},"end":{"line":48,"column":5}},"32":{"start":{"line":45,"column":6},"end":{"line":45,"column":42}},"33":{"start":{"line":47,"column":6},"end":{"line":47,"column":23}},"34":{"start":{"line":49,"column":4},"end":{"line":49,"column":28}},"35":{"start":{"line":50,"column":4},"end":{"line":50,"column":24}},"36":{"start":{"line":53,"column":2},"end":{"line":85,"column":4}},"37":{"start":{"line":59,"column":47},"end":{"line":59,"column":null}},"38":{"start":{"line":69,"column":8},"end":{"line":69,"column":35}},"39":{"start":{"line":70,"column":8},"end":{"line":70,"column":25}},"40":{"start":{"line":71,"column":8},"end":{"line":71,"column":27}},"41":{"start":{"line":74,"column":10},"end":{"line":74,"column":null}},"42":{"start":{"line":88,"column":0},"end":{"line":88,"column":19}}},"fnMap":{"0":{"name":"(anonymous_10)","decl":{"start":{"line":11,"column":22},"end":{"line":11,"column":null}},"loc":{"start":{"line":11,"column":22},"end":{"line":86,"column":1}}},"1":{"name":"(anonymous_11)","decl":{"start":{"line":33,"column":23},"end":{"line":33,"column":null}},"loc":{"start":{"line":33,"column":23},"end":{"line":37,"column":3}}},"2":{"name":"(anonymous_12)","decl":{"start":{"line":39,"column":22},"end":{"line":39,"column":null}},"loc":{"start":{"line":39,"column":22},"end":{"line":41,"column":3}}},"3":{"name":"(anonymous_13)","decl":{"start":{"line":43,"column":23},"end":{"line":43,"column":24}},"loc":{"start":{"line":43,"column":37},"end":{"line":51,"column":3}}},"4":{"name":"(anonymous_14)","decl":{"start":{"line":59,"column":41},"end":{"line":59,"column":47}},"loc":{"start":{"line":59,"column":41},"end":{"line":59,"column":59}}},"5":{"name":"(anonymous_15)","decl":{"start":{"line":68,"column":44},"end":{"line":68,"column":45}},"loc":{"start":{"line":68,"column":52},"end":{"line":72,"column":7}}},"6":{"name":"(anonymous_16)","decl":{"start":{"line":73,"column":18},"end":{"line":73,"column":19}},"loc":{"start":{"line":73,"column":26},"end":{"line":75,"column":9}}}},"branchMap":{"0":{"loc":{"start":{"line":44,"column":4},"end":{"line":48,"column":5}},"type":"if","locations":[{"start":{"line":44,"column":4},"end":{"line":48,"column":5}},{"start":{"line":46,"column":11},"end":{"line":48,"column":5}}]},"1":{"loc":{"start":{"line":61,"column":25},"end":{"line":61,"column":57}},"type":"cond-expr","locations":[{"start":{"line":61,"column":25},"end":{"line":61,"column":39}},{"start":{"line":61,"column":43},"end":{"line":61,"column":57}}]},"2":{"loc":{"start":{"line":61,"column":25},"end":{"line":61,"column":43}},"type":"binary-expr","locations":[{"start":{"line":61,"column":25},"end":{"line":61,"column":43}},{"start":{"line":61,"column":25},"end":{"line":61,"column":43}}]},"3":{"loc":{"start":{"line":64,"column":19},"end":{"line":64,"column":48}},"type":"cond-expr","locations":[{"start":{"line":64,"column":36},"end":{"line":64,"column":40}},{"start":{"line":64,"column":43},"end":{"line":64,"column":48}}]},"4":{"loc":{"start":{"line":68,"column":7},"end":{"line":75,"column":null}},"type":"binary-expr","locations":[{"start":{"line":68,"column":7},"end":{"line":68,"column":16}},{"start":{"line":68,"column":20},"end":{"line":75,"column":null}}]}},"s":{"0":3,"1":3,"2":3,"3":3,"4":3,"5":3,"6":3,"7":17,"8":17,"9":17,"10":17,"11":17,"12":17,"13":17,"14":17,"15":17,"16":17,"17":17,"18":17,"19":17,"20":17,"21":17,"22":17,"23":17,"24":17,"25":2,"26":2,"27":2,"28":17,"29":4,"30":17,"31":2,"32":1,"33":1,"34":2,"35":2,"36":17,"37":1,"38":2,"39":2,"40":2,"41":1,"42":3},"f":{"0":17,"1":2,"2":4,"3":2,"4":1,"5":2,"6":1},"b":{"0":[1,1],"1":[3,14],"2":[17,3],"3":[3,14],"4":[17,9]}}
,"D:\\NexTurn\\user-profile-app\\src\\api\\axios.ts": {"path":"D:\\NexTurn\\user-profile-app\\src\\api\\axios.ts","statementMap":{"0":{"start":{"line":1,"column":0},"end":{"line":1,"column":26}},"1":{"start":{"line":3,"column":13},"end":{"line":5,"column":3}}},"fnMap":{},"branchMap":{},"s":{"0":3,"1":3},"f":{},"b":{}}
,"D:\\NexTurn\\user-profile-app\\src\\assets\\uiText\\form.ts": {"path":"D:\\NexTurn\\user-profile-app\\src\\assets\\uiText\\form.ts","statementMap":{"0":{"start":{"line":1,"column":13},"end":{"line":65,"column":2}}},"fnMap":{},"branchMap":{},"s":{"0":3},"f":{},"b":{}}
,"D:\\NexTurn\\user-profile-app\\src\\assets\\uiText\\table.ts": {"path":"D:\\NexTurn\\user-profile-app\\src\\assets\\uiText\\table.ts","statementMap":{"0":{"start":{"line":1,"column":13},"end":{"line":23,"column":2}}},"fnMap":{},"branchMap":{},"s":{"0":3},"f":{},"b":{}}
,"D:\\NexTurn\\user-profile-app\\src\\components\\Button.tsx": {"path":"D:\\NexTurn\\user-profile-app\\src\\components\\Button.tsx","statementMap":{"0":{"start":{"line":1,"column":0},"end":{"line":1,"column":26}},"1":{"start":{"line":2,"column":0},"end":{"line":2,"column":30}},"2":{"start":{"line":8,"column":24},"end":{"line":20,"column":1}},"3":{"start":{"line":8,"column":35},"end":{"line":8,"column":37}},"4":{"start":{"line":8,"column":41},"end":{"line":8,"column":61}},"5":{"start":{"line":9,"column":4},"end":{"line":19,"column":6}},"6":{"start":{"line":22,"column":0},"end":{"line":22,"column":31}}},"fnMap":{"0":{"name":"(anonymous_1)","decl":{"start":{"line":8,"column":24},"end":{"line":8,"column":25}},"loc":{"start":{"line":8,"column":61},"end":{"line":20,"column":1}}}},"branchMap":{},"s":{"0":3,"1":3,"2":3,"3":34,"4":34,"5":34,"6":3},"f":{"0":34},"b":{}}
,"D:\\NexTurn\\user-profile-app\\src\\components\\FormProfile.tsx": {"path":"D:\\NexTurn\\user-profile-app\\src\\components\\FormProfile.tsx","statementMap":{"0":{"start":{"line":1,"column":0},"end":{"line":1,"column":51}},"1":{"start":{"line":3,"column":0},"end":{"line":3,"column":73}},"2":{"start":{"line":4,"column":0},"end":{"line":4,"column":null}},"3":{"start":{"line":10,"column":0},"end":{"line":10,"column":44}},"4":{"start":{"line":11,"column":0},"end":{"line":11,"column":28}},"5":{"start":{"line":12,"column":0},"end":{"line":12,"column":44}},"6":{"start":{"line":13,"column":0},"end":{"line":13,"column":78}},"7":{"start":{"line":14,"column":0},"end":{"line":14,"column":27}},"8":{"start":{"line":15,"column":0},"end":{"line":15,"column":49}},"9":{"start":{"line":26,"column":20},"end":{"line":452,"column":1}},"10":{"start":{"line":26,"column":36},"end":{"line":26,"column":38}},"11":{"start":{"line":26,"column":46},"end":{"line":26,"column":48}},"12":{"start":{"line":26,"column":55},"end":{"line":26,"column":57}},"13":{"start":{"line":26,"column":57},"end":{"line":26,"column":61}},"14":{"start":{"line":26,"column":61},"end":{"line":26,"column":81}},"15":{"start":{"line":28,"column":19},"end":{"line":28,"column":43}},"16":{"start":{"line":29,"column":23},"end":{"line":29,"column":30}},"17":{"start":{"line":30,"column":21},"end":{"line":30,"column":32}},"18":{"start":{"line":31,"column":34},"end":{"line":31,"column":49}},"19":{"start":{"line":31,"column":18},"end":{"line":31,"column":20}},"20":{"start":{"line":31,"column":30},"end":{"line":31,"column":34}},"21":{"start":{"line":32,"column":40},"end":{"line":32,"column":55}},"22":{"start":{"line":32,"column":21},"end":{"line":32,"column":23}},"23":{"start":{"line":32,"column":36},"end":{"line":32,"column":40}},"24":{"start":{"line":33,"column":38},"end":{"line":33,"column":53}},"25":{"start":{"line":33,"column":20},"end":{"line":33,"column":22}},"26":{"start":{"line":33,"column":34},"end":{"line":33,"column":38}},"27":{"start":{"line":34,"column":38},"end":{"line":34,"column":104}},"28":{"start":{"line":34,"column":20},"end":{"line":34,"column":22}},"29":{"start":{"line":34,"column":34},"end":{"line":34,"column":38}},"30":{"start":{"line":35,"column":42},"end":{"line":35,"column":120}},"31":{"start":{"line":35,"column":22},"end":{"line":35,"column":24}},"32":{"start":{"line":35,"column":38},"end":{"line":35,"column":42}},"33":{"start":{"line":36,"column":44},"end":{"line":36,"column":59}},"34":{"start":{"line":36,"column":23},"end":{"line":36,"column":25}},"35":{"start":{"line":36,"column":40},"end":{"line":36,"column":44}},"36":{"start":{"line":37,"column":23},"end":{"line":37,"column":56}},"37":{"start":{"line":38,"column":23},"end":{"line":38,"column":56}},"38":{"start":{"line":39,"column":4},"end":{"line":44,"column":73}},"39":{"start":{"line":40,"column":8},"end":{"line":43,"column":9}},"40":{"start":{"line":41,"column":12},"end":{"line":41,"column":75}},"41":{"start":{"line":42,"column":12},"end":{"line":42,"column":88}},"42":{"start":{"line":46,"column":4},"end":{"line":48,"column":18}},"43":{"start":{"line":47,"column":8},"end":{"line":47,"column":23}},"44":{"start":{"line":50,"column":25},"end":{"line":70,"column":5}},"45":{"start":{"line":51,"column":42},"end":{"line":51,"column":67}},"46":{"start":{"line":53,"column":33},"end":{"line":53,"column":58}},"47":{"start":{"line":54,"column":24},"end":{"line":54,"column":45}},"48":{"start":{"line":54,"column":42},"end":{"line":54,"column":90}},"49":{"start":{"line":56,"column":25},"end":{"line":56,"column":86}},"50":{"start":{"line":59,"column":12},"end":{"line":62,"column":25}},"51":{"start":{"line":59,"column":56},"end":{"line":59,"column":58}},"52":{"start":{"line":59,"column":63},"end":{"line":59,"column":64}},"53":{"start":{"line":60,"column":16},"end":{"line":60,"column":51}},"54":{"start":{"line":60,"column":35},"end":{"line":60,"column":51}},"55":{"start":{"line":61,"column":16},"end":{"line":61,"column":39}},"56":{"start":{"line":64,"column":8},"end":{"line":67,"column":9}},"57":{"start":{"line":65,"column":12},"end":{"line":65,"column":29}},"58":{"start":{"line":66,"column":12},"end":{"line":66,"column":31}},"59":{"start":{"line":69,"column":8},"end":{"line":69,"column":37}},"60":{"start":{"line":78,"column":35},"end":{"line":105,"column":5}},"61":{"start":{"line":79,"column":30},"end":{"line":79,"column":66}},"62":{"start":{"line":80,"column":30},"end":{"line":80,"column":66}},"63":{"start":{"line":82,"column":8},"end":{"line":104,"column":9}},"64":{"start":{"line":83,"column":30},"end":{"line":83,"column":51}},"65":{"start":{"line":84,"column":30},"end":{"line":84,"column":59}},"66":{"start":{"line":85,"column":12},"end":{"line":85,"column":48}},"67":{"start":{"line":86,"column":12},"end":{"line":86,"column":70}},"68":{"start":{"line":88,"column":12},"end":{"line":93,"column":15}},"69":{"start":{"line":95,"column":30},"end":{"line":95,"column":51}},"70":{"start":{"line":96,"column":30},"end":{"line":96,"column":68}},"71":{"start":{"line":98,"column":12},"end":{"line":103,"column":15}},"72":{"start":{"line":107,"column":35},"end":{"line":134,"column":5}},"73":{"start":{"line":108,"column":30},"end":{"line":108,"column":66}},"74":{"start":{"line":109,"column":30},"end":{"line":109,"column":66}},"75":{"start":{"line":111,"column":8},"end":{"line":133,"column":9}},"76":{"start":{"line":112,"column":30},"end":{"line":112,"column":51}},"77":{"start":{"line":113,"column":30},"end":{"line":113,"column":59}},"78":{"start":{"line":114,"column":12},"end":{"line":114,"column":48}},"79":{"start":{"line":115,"column":12},"end":{"line":115,"column":70}},"80":{"start":{"line":117,"column":12},"end":{"line":122,"column":15}},"81":{"start":{"line":124,"column":30},"end":{"line":124,"column":51}},"82":{"start":{"line":125,"column":30},"end":{"line":125,"column":68}},"83":{"start":{"line":127,"column":12},"end":{"line":132,"column":15}},"84":{"start":{"line":137,"column":4},"end":{"line":451,"column":6}},"85":{"start":{"line":140,"column":58},"end":{"line":140,"column":null}},"86":{"start":{"line":141,"column":51},"end":{"line":141,"column":75}},"87":{"start":{"line":143,"column":57},"end":{"line":143,"column":null}},"88":{"start":{"line":144,"column":51},"end":{"line":144,"column":74}},"89":{"start":{"line":154,"column":41},"end":{"line":154,"column":84}},"90":{"start":{"line":155,"column":24},"end":{"line":155,"column":46}},"91":{"start":{"line":215,"column":76},"end":{"line":217,"column":34}},"92":{"start":{"line":244,"column":74},"end":{"line":246,"column":38}},"93":{"start":{"line":256,"column":82},"end":{"line":258,"column":38}},"94":{"start":{"line":268,"column":75},"end":{"line":270,"column":38}},"95":{"start":{"line":293,"column":48},"end":{"line":293,"column":76}},"96":{"start":{"line":294,"column":48},"end":{"line":294,"column":89}},"97":{"start":{"line":298,"column":93},"end":{"line":300,"column":46}},"98":{"start":{"line":324,"column":52},"end":{"line":324,"column":74}},"99":{"start":{"line":325,"column":40},"end":{"line":325,"column":93}},"100":{"start":{"line":334,"column":52},"end":{"line":334,"column":80}},"101":{"start":{"line":335,"column":52},"end":{"line":335,"column":93}},"102":{"start":{"line":339,"column":97},"end":{"line":341,"column":50}},"103":{"start":{"line":358,"column":55},"end":{"line":358,"column":77}},"104":{"start":{"line":359,"column":44},"end":{"line":359,"column":75}},"105":{"start":{"line":360,"column":62},"end":{"line":360,"column":97}},"106":{"start":{"line":361,"column":44},"end":{"line":361,"column":87}},"107":{"start":{"line":376,"column":57},"end":{"line":376,"column":79}},"108":{"start":{"line":377,"column":44},"end":{"line":377,"column":81}},"109":{"start":{"line":378,"column":62},"end":{"line":378,"column":97}},"110":{"start":{"line":379,"column":44},"end":{"line":379,"column":87}},"111":{"start":{"line":387,"column":56},"end":{"line":387,"column":84}},"112":{"start":{"line":388,"column":56},"end":{"line":388,"column":97}},"113":{"start":{"line":392,"column":101},"end":{"line":394,"column":54}},"114":{"start":{"line":410,"column":75},"end":{"line":412,"column":30}},"115":{"start":{"line":420,"column":81},"end":{"line":420,"column":113}},"116":{"start":{"line":424,"column":44},"end":{"line":424,"column":63}},"117":{"start":{"line":425,"column":44},"end":{"line":425,"column":64}},"118":{"start":{"line":431,"column":53},"end":{"line":431,"column":74}},"119":{"start":{"line":454,"column":0},"end":{"line":454,"column":27}}},"fnMap":{"0":{"name":"(anonymous_12)","decl":{"start":{"line":26,"column":20},"end":{"line":26,"column":21}},"loc":{"start":{"line":26,"column":81},"end":{"line":452,"column":1}}},"1":{"name":"(anonymous_13)","decl":{"start":{"line":39,"column":14},"end":{"line":39,"column":null}},"loc":{"start":{"line":39,"column":14},"end":{"line":44,"column":5}}},"2":{"name":"(anonymous_14)","decl":{"start":{"line":46,"column":14},"end":{"line":46,"column":null}},"loc":{"start":{"line":46,"column":14},"end":{"line":48,"column":5}}},"3":{"name":"(anonymous_15)","decl":{"start":{"line":50,"column":25},"end":{"line":50,"column":null}},"loc":{"start":{"line":50,"column":25},"end":{"line":70,"column":5}}},"4":{"name":"(anonymous_16)","decl":{"start":{"line":54,"column":24},"end":{"line":54,"column":25}},"loc":{"start":{"line":54,"column":37},"end":{"line":54,"column":45}}},"5":{"name":"(anonymous_17)","decl":{"start":{"line":59,"column":51},"end":{"line":59,"column":52}},"loc":{"start":{"line":59,"column":64},"end":{"line":62,"column":13}}},"6":{"name":"(anonymous_18)","decl":{"start":{"line":78,"column":35},"end":{"line":78,"column":36}},"loc":{"start":{"line":78,"column":53},"end":{"line":105,"column":5}}},"7":{"name":"(anonymous_19)","decl":{"start":{"line":107,"column":35},"end":{"line":107,"column":36}},"loc":{"start":{"line":107,"column":53},"end":{"line":134,"column":5}}},"8":{"name":"(anonymous_20)","decl":{"start":{"line":140,"column":52},"end":{"line":140,"column":58}},"loc":{"start":{"line":140,"column":52},"end":{"line":140,"column":71}}},"9":{"name":"(anonymous_21)","decl":{"start":{"line":141,"column":45},"end":{"line":141,"column":51}},"loc":{"start":{"line":141,"column":45},"end":{"line":141,"column":64}}},"10":{"name":"(anonymous_22)","decl":{"start":{"line":143,"column":51},"end":{"line":143,"column":57}},"loc":{"start":{"line":143,"column":51},"end":{"line":143,"column":69}}},"11":{"name":"(anonymous_23)","decl":{"start":{"line":144,"column":45},"end":{"line":144,"column":51}},"loc":{"start":{"line":144,"column":45},"end":{"line":144,"column":63}}},"12":{"name":"(anonymous_24)","decl":{"start":{"line":153,"column":30},"end":{"line":153,"column":31}},"loc":{"start":{"line":153,"column":55},"end":{"line":156,"column":21}}},"13":{"name":"(anonymous_25)","decl":{"start":{"line":215,"column":66},"end":{"line":215,"column":67}},"loc":{"start":{"line":215,"column":71},"end":{"line":215,"column":null}}},"14":{"name":"(anonymous_26)","decl":{"start":{"line":244,"column":64},"end":{"line":244,"column":65}},"loc":{"start":{"line":244,"column":69},"end":{"line":244,"column":null}}},"15":{"name":"(anonymous_27)","decl":{"start":{"line":256,"column":71},"end":{"line":256,"column":72}},"loc":{"start":{"line":256,"column":77},"end":{"line":256,"column":null}}},"16":{"name":"(anonymous_28)","decl":{"start":{"line":268,"column":65},"end":{"line":268,"column":66}},"loc":{"start":{"line":268,"column":70},"end":{"line":268,"column":null}}},"17":{"name":"(anonymous_29)","decl":{"start":{"line":292,"column":54},"end":{"line":292,"column":55}},"loc":{"start":{"line":292,"column":71},"end":{"line":295,"column":45}}},"18":{"name":"(anonymous_30)","decl":{"start":{"line":298,"column":83},"end":{"line":298,"column":84}},"loc":{"start":{"line":298,"column":88},"end":{"line":298,"column":null}}},"19":{"name":"(anonymous_31)","decl":{"start":{"line":323,"column":46},"end":{"line":323,"column":47}},"loc":{"start":{"line":323,"column":48},"end":{"line":326,"column":37}}},"20":{"name":"(anonymous_32)","decl":{"start":{"line":333,"column":58},"end":{"line":333,"column":59}},"loc":{"start":{"line":333,"column":75},"end":{"line":336,"column":49}}},"21":{"name":"(anonymous_33)","decl":{"start":{"line":339,"column":87},"end":{"line":339,"column":88}},"loc":{"start":{"line":339,"column":92},"end":{"line":339,"column":null}}},"22":{"name":"(anonymous_34)","decl":{"start":{"line":357,"column":50},"end":{"line":357,"column":51}},"loc":{"start":{"line":357,"column":52},"end":{"line":362,"column":41}}},"23":{"name":"(anonymous_35)","decl":{"start":{"line":375,"column":50},"end":{"line":375,"column":51}},"loc":{"start":{"line":375,"column":52},"end":{"line":380,"column":41}}},"24":{"name":"(anonymous_36)","decl":{"start":{"line":386,"column":62},"end":{"line":386,"column":63}},"loc":{"start":{"line":386,"column":79},"end":{"line":389,"column":53}}},"25":{"name":"(anonymous_37)","decl":{"start":{"line":392,"column":91},"end":{"line":392,"column":92}},"loc":{"start":{"line":392,"column":96},"end":{"line":392,"column":null}}},"26":{"name":"(anonymous_38)","decl":{"start":{"line":410,"column":63},"end":{"line":410,"column":64}},"loc":{"start":{"line":410,"column":70},"end":{"line":410,"column":null}}},"27":{"name":"(anonymous_39)","decl":{"start":{"line":420,"column":74},"end":{"line":420,"column":75}},"loc":{"start":{"line":420,"column":76},"end":{"line":420,"column":91}}},"28":{"name":"(anonymous_40)","decl":{"start":{"line":423,"column":55},"end":{"line":423,"column":56}},"loc":{"start":{"line":423,"column":57},"end":{"line":426,"column":41}}},"29":{"name":"(anonymous_41)","decl":{"start":{"line":431,"column":47},"end":{"line":431,"column":53}},"loc":{"start":{"line":431,"column":47},"end":{"line":431,"column":65}}}},"branchMap":{"0":{"loc":{"start":{"line":26,"column":61},"end":{"line":26,"column":81}},"type":"cond-expr","locations":[{"start":{"line":26,"column":64},"end":{"line":26,"column":72}},{"start":{"line":26,"column":72},"end":{"line":26,"column":81}}]},"1":{"loc":{"start":{"line":40,"column":8},"end":{"line":43,"column":9}},"type":"if","locations":[{"start":{"line":40,"column":8},"end":{"line":43,"column":9}}]},"2":{"loc":{"start":{"line":54,"column":42},"end":{"line":54,"column":89}},"type":"binary-expr","locations":[{"start":{"line":54,"column":42},"end":{"line":54,"column":59}},{"start":{"line":54,"column":63},"end":{"line":54,"column":73}},{"start":{"line":54,"column":77},"end":{"line":54,"column":89}}]},"3":{"loc":{"start":{"line":56,"column":25},"end":{"line":56,"column":86}},"type":"binary-expr","locations":[{"start":{"line":56,"column":25},"end":{"line":56,"column":42}},{"start":{"line":56,"column":46},"end":{"line":56,"column":64}},{"start":{"line":56,"column":68},"end":{"line":56,"column":85}}]},"4":{"loc":{"start":{"line":56,"column":25},"end":{"line":56,"column":42}},"type":"cond-expr","locations":[{"start":{"line":56,"column":36},"end":{"line":56,"column":38}},{"start":{"line":56,"column":36},"end":{"line":56,"column":42}}]},"5":{"loc":{"start":{"line":56,"column":25},"end":{"line":56,"column":38}},"type":"binary-expr","locations":[{"start":{"line":56,"column":25},"end":{"line":56,"column":38}},{"start":{"line":56,"column":36},"end":{"line":56,"column":38}}]},"6":{"loc":{"start":{"line":56,"column":46},"end":{"line":56,"column":64}},"type":"cond-expr","locations":[{"start":{"line":56,"column":57},"end":{"line":56,"column":59}},{"start":{"line":56,"column":57},"end":{"line":56,"column":64}}]},"7":{"loc":{"start":{"line":56,"column":46},"end":{"line":56,"column":59}},"type":"binary-expr","locations":[{"start":{"line":56,"column":46},"end":{"line":56,"column":59}},{"start":{"line":56,"column":57},"end":{"line":56,"column":59}}]},"8":{"loc":{"start":{"line":56,"column":68},"end":{"line":56,"column":85}},"type":"cond-expr","locations":[{"start":{"line":56,"column":79},"end":{"line":56,"column":81}},{"start":{"line":56,"column":79},"end":{"line":56,"column":85}}]},"9":{"loc":{"start":{"line":56,"column":68},"end":{"line":56,"column":81}},"type":"binary-expr","locations":[{"start":{"line":56,"column":68},"end":{"line":56,"column":81}},{"start":{"line":56,"column":79},"end":{"line":56,"column":81}}]},"10":{"loc":{"start":{"line":59,"column":12},"end":{"line":62,"column":25}},"type":"binary-expr","locations":[{"start":{"line":59,"column":12},"end":{"line":62,"column":14}},{"start":{"line":62,"column":18},"end":{"line":62,"column":25}}]},"11":{"loc":{"start":{"line":60,"column":16},"end":{"line":60,"column":51}},"type":"if","locations":[{"start":{"line":60,"column":16},"end":{"line":60,"column":51}}]},"12":{"loc":{"start":{"line":64,"column":8},"end":{"line":67,"column":9}},"type":"if","locations":[{"start":{"line":64,"column":8},"end":{"line":67,"column":9}}]},"13":{"loc":{"start":{"line":82,"column":8},"end":{"line":104,"column":9}},"type":"if","locations":[{"start":{"line":82,"column":8},"end":{"line":104,"column":9}},{"start":{"line":94,"column":15},"end":{"line":104,"column":9}}]},"14":{"loc":{"start":{"line":111,"column":8},"end":{"line":133,"column":9}},"type":"if","locations":[{"start":{"line":111,"column":8},"end":{"line":133,"column":9}},{"start":{"line":123,"column":15},"end":{"line":133,"column":9}}]},"15":{"loc":{"start":{"line":139,"column":13},"end":{"line":145,"column":null}},"type":"binary-expr","locations":[{"start":{"line":139,"column":13},"end":{"line":139,"column":30}},{"start":{"line":139,"column":34},"end":{"line":145,"column":null}}]},"16":{"loc":{"start":{"line":162,"column":29},"end":{"line":162,"column":98}},"type":"cond-expr","locations":[{"start":{"line":162,"column":39},"end":{"line":162,"column":66}},{"start":{"line":162,"column":69},"end":{"line":162,"column":98}}]},"17":{"loc":{"start":{"line":163,"column":25},"end":{"line":165,"column":31}},"type":"binary-expr","locations":[{"start":{"line":163,"column":25},"end":{"line":163,"column":41}},{"start":{"line":163,"column":46},"end":{"line":164,"column":null}}]},"18":{"loc":{"start":{"line":164,"column":29},"end":{"line":164,"column":78}},"type":"binary-expr","locations":[{"start":{"line":164,"column":29},"end":{"line":164,"column":71}},{"start":{"line":164,"column":75},"end":{"line":164,"column":78}}]},"19":{"loc":{"start":{"line":164,"column":29},"end":{"line":164,"column":71}},"type":"cond-expr","locations":[{"start":{"line":164,"column":60},"end":{"line":164,"column":62}},{"start":{"line":164,"column":60},"end":{"line":164,"column":71}}]},"20":{"loc":{"start":{"line":164,"column":29},"end":{"line":164,"column":62}},"type":"binary-expr","locations":[{"start":{"line":164,"column":29},"end":{"line":164,"column":62}},{"start":{"line":164,"column":60},"end":{"line":164,"column":62}}]},"21":{"loc":{"start":{"line":209,"column":25},"end":{"line":218,"column":null}},"type":"binary-expr","locations":[{"start":{"line":209,"column":25},"end":{"line":209,"column":41}},{"start":{"line":209,"column":45},"end":{"line":218,"column":null}}]},"22":{"loc":{"start":{"line":236,"column":21},"end":{"line":273,"column":null}},"type":"binary-expr","locations":[{"start":{"line":236,"column":21},"end":{"line":236,"column":38}},{"start":{"line":237,"column":24},"end":{"line":272,"column":null}}]},"23":{"loc":{"start":{"line":276,"column":21},"end":{"line":305,"column":null}},"type":"binary-expr","locations":[{"start":{"line":276,"column":21},"end":{"line":276,"column":38}},{"start":{"line":277,"column":24},"end":{"line":304,"column":null}}]},"24":{"loc":{"start":{"line":309,"column":21},"end":{"line":401,"column":null}},"type":"binary-expr","locations":[{"start":{"line":309,"column":21},"end":{"line":309,"column":38}},{"start":{"line":310,"column":24},"end":{"line":400,"column":null}}]},"25":{"loc":{"start":{"line":310,"column":24},"end":{"line":400,"column":null}},"type":"cond-expr","locations":[{"start":{"line":311,"column":28},"end":{"line":345,"column":null}},{"start":{"line":348,"column":28},"end":{"line":399,"column":null}}]},"26":{"loc":{"start":{"line":325,"column":70},"end":{"line":325,"column":89}},"type":"cond-expr","locations":[{"start":{"line":325,"column":81},"end":{"line":325,"column":83}},{"start":{"line":325,"column":86},"end":{"line":325,"column":89}}]},"27":{"loc":{"start":{"line":359,"column":57},"end":{"line":359,"column":73}},"type":"cond-expr","locations":[{"start":{"line":359,"column":67},"end":{"line":359,"column":68}},{"start":{"line":359,"column":71},"end":{"line":359,"column":73}}]},"28":{"loc":{"start":{"line":377,"column":59},"end":{"line":377,"column":79}},"type":"cond-expr","locations":[{"start":{"line":377,"column":71},"end":{"line":377,"column":72}},{"start":{"line":377,"column":75},"end":{"line":377,"column":79}}]},"29":{"loc":{"start":{"line":404,"column":21},"end":{"line":433,"column":39}},"type":"binary-expr","locations":[{"start":{"line":404,"column":21},"end":{"line":404,"column":38}},{"start":{"line":404,"column":42},"end":{"line":433,"column":39}}]},"30":{"loc":{"start":{"line":442,"column":56},"end":{"line":442,"column":87}},"type":"cond-expr","locations":[{"start":{"line":442,"column":72},"end":{"line":442,"column":82}},{"start":{"line":442,"column":85},"end":{"line":442,"column":87}}]}},"s":{"0":3,"1":3,"2":3,"3":3,"4":3,"5":3,"6":3,"7":3,"8":3,"9":3,"10":63,"11":63,"12":63,"13":63,"14":63,"15":63,"16":63,"17":63,"18":63,"19":63,"20":63,"21":63,"22":63,"23":63,"24":63,"25":63,"26":63,"27":63,"28":63,"29":63,"30":63,"31":63,"32":63,"33":63,"34":63,"35":63,"36":63,"37":63,"38":63,"39":34,"40":12,"41":12,"42":63,"43":17,"44":63,"45":163,"46":163,"47":163,"48":727,"49":163,"50":163,"51":791,"52":791,"53":791,"54":64,"55":727,"56":163,"57":8,"58":8,"59":163,"60":63,"61":2,"62":2,"63":2,"64":1,"65":1,"66":1,"67":1,"68":1,"69":1,"70":1,"71":1,"72":63,"73":2,"74":2,"75":2,"76":1,"77":1,"78":1,"79":1,"80":1,"81":1,"82":1,"83":1,"84":63,"85":1,"86":1,"87":1,"88":0,"89":3,"90":3,"91":27,"92":1674,"93":648,"94":5400,"95":2,"96":2,"97":108,"98":4,"99":4,"100":1,"101":1,"102":62,"103":5,"104":5,"105":5,"106":5,"107":2,"108":2,"109":2,"110":2,"111":1,"112":1,"113":46,"114":162,"115":2,"116":2,"117":2,"118":1,"119":3},"f":{"0":63,"1":34,"2":17,"3":163,"4":727,"5":791,"6":2,"7":2,"8":1,"9":1,"10":1,"11":0,"12":3,"13":27,"14":1674,"15":648,"16":5400,"17":2,"18":108,"19":4,"20":1,"21":62,"22":5,"23":2,"24":1,"25":46,"26":162,"27":2,"28":2,"29":1},"b":{"0":[0,63],"1":[12],"2":[727,727,585],"3":[163,163,163],"4":[0,163],"5":[163,163],"6":[0,163],"7":[163,163],"8":[0,163],"9":[163,163],"10":[163,21],"11":[64],"12":[8],"13":[1,1],"14":[1,1],"15":[63,54],"16":[6,57],"17":[63,9],"18":[9,5],"19":[3,6],"20":[9,9],"21":[63,9],"22":[63,54],"23":[63,54],"24":[63,54],"25":[31,23],"26":[0,4],"27":[3,2],"28":[1,1],"29":[63,54],"30":[55,8]}}
,"D:\\NexTurn\\user-profile-app\\src\\components\\Modal.tsx": {"path":"D:\\NexTurn\\user-profile-app\\src\\components\\Modal.tsx","statementMap":{"0":{"start":{"line":1,"column":0},"end":{"line":1,"column":26}},"1":{"start":{"line":9,"column":14},"end":{"line":25,"column":1}},"2":{"start":{"line":9,"column":23},"end":{"line":9,"column":25}},"3":{"start":{"line":9,"column":32},"end":{"line":9,"column":34}},"4":{"start":{"line":9,"column":42},"end":{"line":9,"column":56}},"5":{"start":{"line":10,"column":4},"end":{"line":10,"column":29}},"6":{"start":{"line":10,"column":17},"end":{"line":10,"column":29}},"7":{"start":{"line":12,"column":4},"end":{"line":24,"column":6}},"8":{"start":{"line":27,"column":0},"end":{"line":27,"column":21}}},"fnMap":{"0":{"name":"(anonymous_1)","decl":{"start":{"line":9,"column":14},"end":{"line":9,"column":15}},"loc":{"start":{"line":9,"column":56},"end":{"line":25,"column":1}}}},"branchMap":{"0":{"loc":{"start":{"line":10,"column":4},"end":{"line":10,"column":29}},"type":"if","locations":[{"start":{"line":10,"column":4},"end":{"line":10,"column":29}}]}},"s":{"0":3,"1":3,"2":149,"3":149,"4":149,"5":149,"6":139,"7":10,"8":3},"f":{"0":149},"b":{"0":[139]}}
,"D:\\NexTurn\\user-profile-app\\src\\components\\PolicyContent.tsx": {"path":"D:\\NexTurn\\user-profile-app\\src\\components\\PolicyContent.tsx","statementMap":{"0":{"start":{"line":1,"column":0},"end":{"line":1,"column":26}},"1":{"start":{"line":2,"column":0},"end":{"line":2,"column":49}},"2":{"start":{"line":6,"column":22},"end":{"line":29,"column":1}},"3":{"start":{"line":6,"column":33},"end":{"line":6,"column":42}},"4":{"start":{"line":7,"column":4},"end":{"line":28,"column":6}},"5":{"start":{"line":31,"column":0},"end":{"line":31,"column":29}}},"fnMap":{"0":{"name":"(anonymous_1)","decl":{"start":{"line":6,"column":22},"end":{"line":6,"column":23}},"loc":{"start":{"line":6,"column":42},"end":{"line":29,"column":1}}}},"branchMap":{},"s":{"0":3,"1":3,"2":3,"3":2,"4":2,"5":3},"f":{"0":2},"b":{}}
,"D:\\NexTurn\\user-profile-app\\src\\components\\ResetPassword.tsx": {"path":"D:\\NexTurn\\user-profile-app\\src\\components\\ResetPassword.tsx","statementMap":{"0":{"start":{"line":1,"column":0},"end":{"line":1,"column":40}},"1":{"start":{"line":5,"column":22},"end":{"line":95,"column":1}},"2":{"start":{"line":5,"column":33},"end":{"line":5,"column":42}},"3":{"start":{"line":6,"column":36},"end":{"line":6,"column":48}},"4":{"start":{"line":6,"column":19},"end":{"line":6,"column":21}},"5":{"start":{"line":6,"column":32},"end":{"line":6,"column":36}},"6":{"start":{"line":7,"column":50},"end":{"line":7,"column":62}},"7":{"start":{"line":7,"column":26},"end":{"line":7,"column":28}},"8":{"start":{"line":7,"column":46},"end":{"line":7,"column":50}},"9":{"start":{"line":8,"column":44},"end":{"line":8,"column":90}},"10":{"start":{"line":8,"column":23},"end":{"line":8,"column":25}},"11":{"start":{"line":8,"column":40},"end":{"line":8,"column":44}},"12":{"start":{"line":10,"column":23},"end":{"line":10,"column":70}},"13":{"start":{"line":12,"column":20},"end":{"line":12,"column":62}},"14":{"start":{"line":14,"column":25},"end":{"line":17,"column":5}},"15":{"start":{"line":15,"column":8},"end":{"line":15,"column":27}},"16":{"start":{"line":16,"column":8},"end":{"line":16,"column":19}},"17":{"start":{"line":19,"column":4},"end":{"line":94,"column":6}},"18":{"start":{"line":38,"column":41},"end":{"line":38,"column":null}},"19":{"start":{"line":45,"column":39},"end":{"line":45,"column":null}},"20":{"start":{"line":45,"column":65},"end":{"line":45,"column":105}},"21":{"start":{"line":66,"column":41},"end":{"line":66,"column":null}},"22":{"start":{"line":73,"column":39},"end":{"line":73,"column":null}},"23":{"start":{"line":73,"column":65},"end":{"line":73,"column":105}},"24":{"start":{"line":97,"column":0},"end":{"line":97,"column":29}}},"fnMap":{"0":{"name":"(anonymous_11)","decl":{"start":{"line":5,"column":22},"end":{"line":5,"column":23}},"loc":{"start":{"line":5,"column":42},"end":{"line":95,"column":1}}},"1":{"name":"(anonymous_12)","decl":{"start":{"line":14,"column":25},"end":{"line":14,"column":26}},"loc":{"start":{"line":14,"column":44},"end":{"line":17,"column":5}}},"2":{"name":"(anonymous_13)","decl":{"start":{"line":38,"column":34},"end":{"line":38,"column":35}},"loc":{"start":{"line":38,"column":36},"end":{"line":38,"column":52}}},"3":{"name":"(anonymous_14)","decl":{"start":{"line":45,"column":33},"end":{"line":45,"column":39}},"loc":{"start":{"line":45,"column":33},"end":{"line":45,"column":54}}},"4":{"name":"(anonymous_15)","decl":{"start":{"line":45,"column":55},"end":{"line":45,"column":56}},"loc":{"start":{"line":45,"column":60},"end":{"line":45,"column":71}}},"5":{"name":"(anonymous_16)","decl":{"start":{"line":66,"column":34},"end":{"line":66,"column":35}},"loc":{"start":{"line":66,"column":36},"end":{"line":66,"column":59}}},"6":{"name":"(anonymous_17)","decl":{"start":{"line":73,"column":33},"end":{"line":73,"column":39}},"loc":{"start":{"line":73,"column":33},"end":{"line":73,"column":54}}},"7":{"name":"(anonymous_18)","decl":{"start":{"line":73,"column":55},"end":{"line":73,"column":56}},"loc":{"start":{"line":73,"column":60},"end":{"line":73,"column":71}}}},"branchMap":{"0":{"loc":{"start":{"line":10,"column":23},"end":{"line":10,"column":70}},"type":"binary-expr","locations":[{"start":{"line":10,"column":23},"end":{"line":10,"column":38}},{"start":{"line":10,"column":42},"end":{"line":10,"column":70}}]},"1":{"loc":{"start":{"line":12,"column":20},"end":{"line":12,"column":62}},"type":"binary-expr","locations":[{"start":{"line":12,"column":20},"end":{"line":12,"column":28}},{"start":{"line":12,"column":32},"end":{"line":12,"column":47}},{"start":{"line":12,"column":51},"end":{"line":12,"column":62}}]},"2":{"loc":{"start":{"line":36,"column":30},"end":{"line":36,"column":73}},"type":"cond-expr","locations":[{"start":{"line":36,"column":54},"end":{"line":36,"column":60}},{"start":{"line":36,"column":63},"end":{"line":36,"column":73}}]},"3":{"loc":{"start":{"line":48,"column":25},"end":{"line":48,"column":61}},"type":"cond-expr","locations":[{"start":{"line":48,"column":49},"end":{"line":48,"column":54}},{"start":{"line":48,"column":57},"end":{"line":48,"column":61}}]},"4":{"loc":{"start":{"line":60,"column":89},"end":{"line":60,"column":138}},"type":"cond-expr","locations":[{"start":{"line":60,"column":102},"end":{"line":60,"column":118}},{"start":{"line":60,"column":121},"end":{"line":60,"column":138}}]},"5":{"loc":{"start":{"line":64,"column":30},"end":{"line":64,"column":73}},"type":"cond-expr","locations":[{"start":{"line":64,"column":54},"end":{"line":64,"column":60}},{"start":{"line":64,"column":63},"end":{"line":64,"column":73}}]},"6":{"loc":{"start":{"line":76,"column":25},"end":{"line":76,"column":61}},"type":"cond-expr","locations":[{"start":{"line":76,"column":49},"end":{"line":76,"column":54}},{"start":{"line":76,"column":57},"end":{"line":76,"column":61}}]},"7":{"loc":{"start":{"line":79,"column":17},"end":{"line":80,"column":null}},"type":"binary-expr","locations":[{"start":{"line":79,"column":17},"end":{"line":79,"column":27}},{"start":{"line":80,"column":20},"end":{"line":80,"column":88}}]},"8":{"loc":{"start":{"line":88,"column":78},"end":{"line":88,"column":160}},"type":"cond-expr","locations":[{"start":{"line":88,"column":88},"end":{"line":88,"column":123}},{"start":{"line":88,"column":126},"end":{"line":88,"column":160}}]}},"s":{"0":3,"1":3,"2":46,"3":46,"4":46,"5":46,"6":46,"7":46,"8":46,"9":46,"10":46,"11":46,"12":46,"13":46,"14":46,"15":1,"16":1,"17":46,"18":20,"19":2,"20":2,"21":20,"22":1,"23":1,"24":3},"f":{"0":46,"1":1,"2":20,"3":2,"4":2,"5":20,"6":1,"7":1},"b":{"0":[46,20],"1":[46,40,20],"2":[1,45],"3":[1,45],"4":[19,27],"5":[1,45],"6":[1,45],"7":[46,19],"8":[1,45]}}
,"D:\\NexTurn\\user-profile-app\\src\\components\\Loader\\Loader.tsx": {"path":"D:\\NexTurn\\user-profile-app\\src\\components\\Loader\\Loader.tsx","statementMap":{"0":{"start":{"line":1,"column":0},"end":{"line":1,"column":26}},"1":{"start":{"line":2,"column":0},"end":{"line":2,"column":28}},"2":{"start":{"line":3,"column":0},"end":{"line":3,"column":22}},"3":{"start":{"line":5,"column":25},"end":{"line":11,"column":1}},"4":{"start":{"line":6,"column":4},"end":{"line":10,"column":6}},"5":{"start":{"line":13,"column":0},"end":{"line":13,"column":22}}},"fnMap":{"0":{"name":"(anonymous_1)","decl":{"start":{"line":5,"column":25},"end":{"line":5,"column":null}},"loc":{"start":{"line":5,"column":25},"end":{"line":11,"column":1}}}},"branchMap":{},"s":{"0":3,"1":3,"2":3,"3":3,"4":17,"5":3},"f":{"0":17},"b":{}}
,"D:\\NexTurn\\user-profile-app\\src\\components\\UserTable\\FilterBar.tsx": {"path":"D:\\NexTurn\\user-profile-app\\src\\components\\UserTable\\FilterBar.tsx","statementMap":{"0":{"start":{"line":1,"column":0},"end":{"line":1,"column":40}},"1":{"start":{"line":2,"column":0},"end":{"line":2,"column":37}},"2":{"start":{"line":3,"column":0},"end":{"line":3,"column":25}},"3":{"start":{"line":4,"column":0},"end":{"line":4,"column":54}},"4":{"start":{"line":13,"column":63},"end":{"line":13,"column":102}},"5":{"start":{"line":15,"column":44},"end":{"line":55,"column":1}},"6":{"start":{"line":16,"column":14},"end":{"line":16,"column":null}},"7":{"start":{"line":17,"column":18},"end":{"line":17,"column":null}},"8":{"start":{"line":18,"column":16},"end":{"line":18,"column":null}},"9":{"start":{"line":19,"column":16},"end":{"line":19,"column":null}},"10":{"start":{"line":21,"column":40},"end":{"line":21,"column":60}},"11":{"start":{"line":21,"column":21},"end":{"line":21,"column":23}},"12":{"start":{"line":21,"column":36},"end":{"line":21,"column":40}},"13":{"start":{"line":23,"column":27},"end":{"line":28,"column":5}},"14":{"start":{"line":24,"column":8},"end":{"line":27,"column":9}},"15":{"start":{"line":25,"column":12},"end":{"line":25,"column":31}},"16":{"start":{"line":26,"column":12},"end":{"line":26,"column":39}},"17":{"start":{"line":30,"column":4},"end":{"line":54,"column":6}},"18":{"start":{"line":34,"column":33},"end":{"line":34,"column":null}},"19":{"start":{"line":42,"column":37},"end":{"line":51,"column":18}},"20":{"start":{"line":46,"column":39},"end":{"line":46,"column":null}},"21":{"start":{"line":57,"column":0},"end":{"line":57,"column":25}}},"fnMap":{"0":{"name":"(anonymous_9)","decl":{"start":{"line":15,"column":44},"end":{"line":15,"column":45}},"loc":{"start":{"line":20,"column":1},"end":{"line":55,"column":1}}},"1":{"name":"(anonymous_10)","decl":{"start":{"line":23,"column":27},"end":{"line":23,"column":28}},"loc":{"start":{"line":23,"column":68},"end":{"line":28,"column":5}}},"2":{"name":"(anonymous_11)","decl":{"start":{"line":34,"column":26},"end":{"line":34,"column":27}},"loc":{"start":{"line":34,"column":28},"end":{"line":34,"column":46}}},"3":{"name":"(anonymous_12)","decl":{"start":{"line":42,"column":27},"end":{"line":42,"column":28}},"loc":{"start":{"line":42,"column":32},"end":{"line":42,"column":null}}},"4":{"name":"(anonymous_13)","decl":{"start":{"line":46,"column":33},"end":{"line":46,"column":39}},"loc":{"start":{"line":46,"column":33},"end":{"line":46,"column":51}}}},"branchMap":{"0":{"loc":{"start":{"line":24,"column":8},"end":{"line":27,"column":9}},"type":"if","locations":[{"start":{"line":24,"column":8},"end":{"line":27,"column":9}}]},"1":{"loc":{"start":{"line":45,"column":30},"end":{"line":45,"column":75}},"type":"cond-expr","locations":[{"start":{"line":45,"column":54},"end":{"line":45,"column":63}},{"start":{"line":45,"column":66},"end":{"line":45,"column":75}}]},"2":{"loc":{"start":{"line":47,"column":54},"end":{"line":47,"column":91}},"type":"cond-expr","locations":[{"start":{"line":47,"column":78},"end":{"line":47,"column":86}},{"start":{"line":47,"column":89},"end":{"line":47,"column":91}}]}},"s":{"0":3,"1":3,"2":3,"3":3,"4":3,"5":3,"6":45,"7":45,"8":45,"9":45,"10":45,"11":45,"12":45,"13":45,"14":5,"15":1,"16":1,"17":45,"18":4,"19":180,"20":1,"21":3},"f":{"0":45,"1":5,"2":4,"3":180,"4":1},"b":{"0":[1],"1":[45,135],"2":[45,135]}}
,"D:\\NexTurn\\user-profile-app\\src\\components\\UserTable\\TableComponent.tsx": {"path":"D:\\NexTurn\\user-profile-app\\src\\components\\UserTable\\TableComponent.tsx","statementMap":{"0":{"start":{"line":1,"column":0},"end":{"line":1,"column":63}},"1":{"start":{"line":2,"column":0},"end":{"line":2,"column":58}},"2":{"start":{"line":3,"column":0},"end":{"line":3,"column":36}},"3":{"start":{"line":4,"column":0},"end":{"line":4,"column":25}},"4":{"start":{"line":5,"column":0},"end":{"line":5,"column":53}},"5":{"start":{"line":6,"column":0},"end":{"line":6,"column":38}},"6":{"start":{"line":8,"column":0},"end":{"line":8,"column":29}},"7":{"start":{"line":9,"column":0},"end":{"line":9,"column":45}},"8":{"start":{"line":10,"column":0},"end":{"line":10,"column":36}},"9":{"start":{"line":11,"column":0},"end":{"line":11,"column":41}},"10":{"start":{"line":12,"column":0},"end":{"line":12,"column":54}},"11":{"start":{"line":21,"column":23},"end":{"line":85,"column":1}},"12":{"start":{"line":21,"column":32},"end":{"line":21,"column":34}},"13":{"start":{"line":21,"column":42},"end":{"line":21,"column":60}},"14":{"start":{"line":22,"column":42},"end":{"line":22,"column":87}},"15":{"start":{"line":22,"column":22},"end":{"line":22,"column":24}},"16":{"start":{"line":22,"column":38},"end":{"line":22,"column":42}},"17":{"start":{"line":23,"column":47},"end":{"line":23,"column":59}},"18":{"start":{"line":23,"column":20},"end":{"line":23,"column":22}},"19":{"start":{"line":23,"column":35},"end":{"line":23,"column":37}},"20":{"start":{"line":23,"column":42},"end":{"line":23,"column":47}},"21":{"start":{"line":24,"column":46},"end":{"line":24,"column":61}},"22":{"start":{"line":24,"column":24},"end":{"line":24,"column":26}},"23":{"start":{"line":24,"column":42},"end":{"line":24,"column":46}},"24":{"start":{"line":25,"column":40},"end":{"line":25,"column":52}},"25":{"start":{"line":25,"column":21},"end":{"line":25,"column":23}},"26":{"start":{"line":25,"column":36},"end":{"line":25,"column":40}},"27":{"start":{"line":26,"column":44},"end":{"line":26,"column":101}},"28":{"start":{"line":26,"column":23},"end":{"line":26,"column":25}},"29":{"start":{"line":26,"column":40},"end":{"line":26,"column":44}},"30":{"start":{"line":27,"column":42},"end":{"line":27,"column":53}},"31":{"start":{"line":27,"column":22},"end":{"line":27,"column":24}},"32":{"start":{"line":27,"column":38},"end":{"line":27,"column":42}},"33":{"start":{"line":28,"column":22},"end":{"line":28,"column":23}},"34":{"start":{"line":29,"column":4},"end":{"line":47,"column":48}},"35":{"start":{"line":30,"column":25},"end":{"line":44,"column":10}},"36":{"start":{"line":31,"column":12},"end":{"line":31,"column":48}},"37":{"start":{"line":33,"column":16},"end":{"line":38,"column":19}},"38":{"start":{"line":39,"column":16},"end":{"line":39,"column":52}},"39":{"start":{"line":41,"column":16},"end":{"line":41,"column":62}},"40":{"start":{"line":42,"column":16},"end":{"line":42,"column":52}},"41":{"start":{"line":46,"column":8},"end":{"line":46,"column":19}},"42":{"start":{"line":50,"column":4},"end":{"line":84,"column":6}},"43":{"start":{"line":52,"column":57},"end":{"line":52,"column":82}},"44":{"start":{"line":52,"column":113},"end":{"line":52,"column":140}},"45":{"start":{"line":67,"column":67},"end":{"line":67,"column":78}},"46":{"start":{"line":67,"column":95},"end":{"line":67,"column":108}},"47":{"start":{"line":67,"column":131},"end":{"line":67,"column":157}},"48":{"start":{"line":76,"column":28},"end":{"line":76,"column":93}},"49":{"start":{"line":76,"column":49},"end":{"line":76,"column":93}},"50":{"start":{"line":77,"column":28},"end":{"line":77,"column":89}},"51":{"start":{"line":77,"column":49},"end":{"line":77,"column":89}},"52":{"start":{"line":78,"column":28},"end":{"line":78,"column":51}},"53":{"start":{"line":87,"column":0},"end":{"line":87,"column":30}}},"fnMap":{"0":{"name":"(anonymous_23)","decl":{"start":{"line":21,"column":23},"end":{"line":21,"column":24}},"loc":{"start":{"line":21,"column":60},"end":{"line":85,"column":1}}},"1":{"name":"(anonymous_24)","decl":{"start":{"line":29,"column":14},"end":{"line":29,"column":null}},"loc":{"start":{"line":29,"column":14},"end":{"line":47,"column":5}}},"2":{"name":"(anonymous_25)","decl":{"start":{"line":30,"column":25},"end":{"line":30,"column":null}},"loc":{"start":{"line":30,"column":25},"end":{"line":44,"column":10}}},"3":{"name":"(anonymous_28)","decl":{"start":{"line":52,"column":51},"end":{"line":52,"column":57}},"loc":{"start":{"line":52,"column":51},"end":{"line":52,"column":73}}},"4":{"name":"(anonymous_29)","decl":{"start":{"line":52,"column":107},"end":{"line":52,"column":113}},"loc":{"start":{"line":52,"column":107},"end":{"line":52,"column":129}}},"5":{"name":"(anonymous_30)","decl":{"start":{"line":67,"column":60},"end":{"line":67,"column":61}},"loc":{"start":{"line":67,"column":62},"end":{"line":67,"column":73}}},"6":{"name":"(anonymous_31)","decl":{"start":{"line":67,"column":88},"end":{"line":67,"column":89}},"loc":{"start":{"line":67,"column":90},"end":{"line":67,"column":103}}},"7":{"name":"(anonymous_32)","decl":{"start":{"line":67,"column":125},"end":{"line":67,"column":131}},"loc":{"start":{"line":67,"column":125},"end":{"line":67,"column":147}}},"8":{"name":"(anonymous_33)","decl":{"start":{"line":75,"column":36},"end":{"line":75,"column":37}},"loc":{"start":{"line":75,"column":64},"end":{"line":79,"column":25}}}},"branchMap":{"0":{"loc":{"start":{"line":54,"column":13},"end":{"line":81,"column":null}},"type":"cond-expr","locations":[{"start":{"line":54,"column":35},"end":{"line":54,"column":45}},{"start":{"line":55,"column":16},"end":{"line":81,"column":null}}]},"1":{"loc":{"start":{"line":63,"column":21},"end":{"line":67,"column":null}},"type":"cond-expr","locations":[{"start":{"line":64,"column":24},"end":{"line":65,"column":null}},{"start":{"line":67,"column":25},"end":{"line":67,"column":157}}]},"2":{"loc":{"start":{"line":76,"column":28},"end":{"line":76,"column":93}},"type":"if","locations":[{"start":{"line":76,"column":28},"end":{"line":76,"column":93}}]},"3":{"loc":{"start":{"line":77,"column":28},"end":{"line":77,"column":89}},"type":"if","locations":[{"start":{"line":77,"column":28},"end":{"line":77,"column":89}}]}},"s":{"0":3,"1":3,"2":3,"3":3,"4":3,"5":3,"6":3,"7":3,"8":3,"9":3,"10":3,"11":3,"12":58,"13":58,"14":58,"15":58,"16":58,"17":58,"18":58,"19":58,"20":58,"21":58,"22":58,"23":58,"24":58,"25":58,"26":58,"27":58,"28":58,"29":58,"30":58,"31":58,"32":58,"33":58,"34":58,"35":34,"36":17,"37":33,"38":15,"39":1,"40":1,"41":17,"42":58,"43":1,"44":1,"45":3,"46":2,"47":2,"48":181,"49":57,"50":124,"51":57,"52":67,"53":3},"f":{"0":58,"1":17,"2":34,"3":1,"4":1,"5":3,"6":2,"7":2,"8":181},"b":{"0":[17,41],"1":[14,27],"2":[57],"3":[57]}}
,"D:\\NexTurn\\user-profile-app\\src\\components\\UserTable\\TableUser.tsx": {"path":"D:\\NexTurn\\user-profile-app\\src\\components\\UserTable\\TableUser.tsx","statementMap":{"0":{"start":{"line":1,"column":0},"end":{"line":1,"column":26}},"1":{"start":{"line":2,"column":0},"end":{"line":2,"column":51}},"2":{"start":{"line":5,"column":0},"end":{"line":5,"column":25}},"3":{"start":{"line":6,"column":0},"end":{"line":6,"column":54}},"4":{"start":{"line":15,"column":44},"end":{"line":114,"column":1}},"5":{"start":{"line":16,"column":6},"end":{"line":16,"column":null}},"6":{"start":{"line":17,"column":8},"end":{"line":17,"column":null}},"7":{"start":{"line":18,"column":10},"end":{"line":18,"column":null}},"8":{"start":{"line":19,"column":17},"end":{"line":19,"column":null}},"9":{"start":{"line":22,"column":40},"end":{"line":101,"column":4}},"10":{"start":{"line":27,"column":29},"end":{"line":46,"column":null}},"11":{"start":{"line":53,"column":20},"end":{"line":53,"column":29}},"12":{"start":{"line":54,"column":8},"end":{"line":54,"column":48}},"13":{"start":{"line":54,"column":30},"end":{"line":54,"column":48}},"14":{"start":{"line":55,"column":8},"end":{"line":55,"column":54}},"15":{"start":{"line":55,"column":36},"end":{"line":55,"column":54}},"16":{"start":{"line":56,"column":8},"end":{"line":56,"column":70}},"17":{"start":{"line":63,"column":15},"end":{"line":63,"column":33}},"18":{"start":{"line":63,"column":33},"end":{"line":80,"column":null}},"19":{"start":{"line":65,"column":51},"end":{"line":78,"column":12}},"20":{"start":{"line":85,"column":29},"end":{"line":99,"column":null}},"21":{"start":{"line":87,"column":80},"end":{"line":87,"column":102}},"22":{"start":{"line":89,"column":27},"end":{"line":89,"column":null}},"23":{"start":{"line":96,"column":12},"end":{"line":96,"column":99}},"24":{"start":{"line":96,"column":82},"end":{"line":96,"column":99}},"25":{"start":{"line":103,"column":2},"end":{"line":113,"column":null}},"26":{"start":{"line":116,"column":0},"end":{"line":116,"column":25}}},"fnMap":{"0":{"name":"(anonymous_1)","decl":{"start":{"line":15,"column":44},"end":{"line":15,"column":45}},"loc":{"start":{"line":20,"column":1},"end":{"line":114,"column":1}}},"1":{"name":"(anonymous_2)","decl":{"start":{"line":27,"column":14},"end":{"line":27,"column":15}},"loc":{"start":{"line":27,"column":24},"end":{"line":27,"column":null}}},"2":{"name":"(anonymous_3)","decl":{"start":{"line":52,"column":14},"end":{"line":52,"column":15}},"loc":{"start":{"line":52,"column":36},"end":{"line":57,"column":7}}},"3":{"name":"(anonymous_4)","decl":{"start":{"line":63,"column":14},"end":{"line":63,"column":15}},"loc":{"start":{"line":63,"column":28},"end":{"line":63,"column":null}}},"4":{"name":"(anonymous_5)","decl":{"start":{"line":65,"column":24},"end":{"line":65,"column":25}},"loc":{"start":{"line":65,"column":46},"end":{"line":65,"column":null}}},"5":{"name":"(anonymous_6)","decl":{"start":{"line":85,"column":14},"end":{"line":85,"column":15}},"loc":{"start":{"line":85,"column":24},"end":{"line":85,"column":null}}},"6":{"name":"(anonymous_7)","decl":{"start":{"line":87,"column":74},"end":{"line":87,"column":80}},"loc":{"start":{"line":87,"column":74},"end":{"line":87,"column":86}}},"7":{"name":"(anonymous_8)","decl":{"start":{"line":89,"column":21},"end":{"line":89,"column":27}},"loc":{"start":{"line":89,"column":21},"end":{"line":89,"column":42}}},"8":{"name":"(anonymous_9)","decl":{"start":{"line":95,"column":76},"end":{"line":95,"column":null}},"loc":{"start":{"line":95,"column":76},"end":{"line":97,"column":11}}}},"branchMap":{"0":{"loc":{"start":{"line":54,"column":8},"end":{"line":54,"column":48}},"type":"if","locations":[{"start":{"line":54,"column":8},"end":{"line":54,"column":48}}]},"1":{"loc":{"start":{"line":55,"column":8},"end":{"line":55,"column":54}},"type":"if","locations":[{"start":{"line":55,"column":8},"end":{"line":55,"column":54}}]},"2":{"loc":{"start":{"line":63,"column":15},"end":{"line":63,"column":33}},"type":"if","locations":[{"start":{"line":63,"column":15},"end":{"line":63,"column":33}}]},"3":{"loc":{"start":{"line":96,"column":12},"end":{"line":96,"column":99}},"type":"if","locations":[{"start":{"line":96,"column":12},"end":{"line":96,"column":99}}]}},"s":{"0":3,"1":3,"2":3,"3":3,"4":3,"5":27,"6":27,"7":27,"8":27,"9":27,"10":23,"11":23,"12":23,"13":1,"14":23,"15":1,"16":23,"17":38,"18":23,"19":8,"20":23,"21":3,"22":2,"23":2,"24":2,"25":27,"26":3},"f":{"0":27,"1":23,"2":23,"3":23,"4":8,"5":23,"6":3,"7":2,"8":2},"b":{"0":[1],"1":[1],"2":[15],"3":[2]}}
,"D:\\NexTurn\\user-profile-app\\src\\context\\Loader.tsx": {"path":"D:\\NexTurn\\user-profile-app\\src\\context\\Loader.tsx","statementMap":{"0":{"start":{"line":10,"column":29},"end":{"line":18,"column":1}},"1":{"start":{"line":11,"column":4},"end":{"line":17,"column":5}},"2":{"start":{"line":13,"column":12},"end":{"line":13,"column":37}},"3":{"start":{"line":16,"column":12},"end":{"line":16,"column":38}},"4":{"start":{"line":10,"column":13},"end":{"line":10,"column":29}}},"fnMap":{"0":{"name":"(anonymous_0)","decl":{"start":{"line":10,"column":29},"end":{"line":10,"column":30}},"loc":{"start":{"line":10,"column":70},"end":{"line":18,"column":1}}}},"branchMap":{"0":{"loc":{"start":{"line":11,"column":4},"end":{"line":17,"column":5}},"type":"switch","locations":[{"start":{"line":12,"column":8},"end":{"line":13,"column":37}},{"start":{"line":14,"column":8},"end":{"line":14,"column":23}},{"start":{"line":15,"column":8},"end":{"line":16,"column":38}}]}},"s":{"0":3,"1":33,"2":17,"3":16,"4":3},"f":{"0":33},"b":{"0":[17,15,16]}}
,"D:\\NexTurn\\user-profile-app\\src\\context\\ProfileContext.tsx": {"path":"D:\\NexTurn\\user-profile-app\\src\\context\\ProfileContext.tsx","statementMap":{"0":{"start":{"line":1,"column":0},"end":{"line":1,"column":78}},"1":{"start":{"line":3,"column":0},"end":{"line":3,"column":77}},"2":{"start":{"line":15,"column":23},"end":{"line":15,"column":79}},"3":{"start":{"line":17,"column":66},"end":{"line":47,"column":1}},"4":{"start":{"line":17,"column":77},"end":{"line":17,"column":79}},"5":{"start":{"line":18,"column":36},"end":{"line":18,"column":59}},"6":{"start":{"line":18,"column":19},"end":{"line":18,"column":21}},"7":{"start":{"line":18,"column":32},"end":{"line":18,"column":36}},"8":{"start":{"line":19,"column":30},"end":{"line":19,"column":49}},"9":{"start":{"line":19,"column":16},"end":{"line":19,"column":18}},"10":{"start":{"line":19,"column":26},"end":{"line":19,"column":30}},"11":{"start":{"line":21,"column":26},"end":{"line":25,"column":6}},"12":{"start":{"line":21,"column":59},"end":{"line":25,"column":6}},"13":{"start":{"line":22,"column":25},"end":{"line":22,"column":null}},"14":{"start":{"line":22,"column":16},"end":{"line":22,"column":25}},"15":{"start":{"line":23,"column":8},"end":{"line":23,"column":31}},"16":{"start":{"line":24,"column":8},"end":{"line":24,"column":29}},"17":{"start":{"line":27,"column":23},"end":{"line":29,"column":5}},"18":{"start":{"line":28,"column":8},"end":{"line":28,"column":51}},"19":{"start":{"line":28,"column":28},"end":{"line":28,"column":49}},"20":{"start":{"line":31,"column":26},"end":{"line":37,"column":5}},"21":{"start":{"line":32,"column":8},"end":{"line":36,"column":10}},"22":{"start":{"line":33,"column":12},"end":{"line":35,"column":null}},"23":{"start":{"line":34,"column":16},"end":{"line":34,"column":null}},"24":{"start":{"line":38,"column":26},"end":{"line":40,"column":5}},"25":{"start":{"line":39,"column":8},"end":{"line":39,"column":81}},"26":{"start":{"line":39,"column":28},"end":{"line":39,"column":80}},"27":{"start":{"line":39,"column":45},"end":{"line":39,"column":79}},"28":{"start":{"line":42,"column":4},"end":{"line":46,"column":6}},"29":{"start":{"line":17,"column":13},"end":{"line":17,"column":66}},"30":{"start":{"line":49,"column":26},"end":{"line":55,"column":1}},"31":{"start":{"line":50,"column":20},"end":{"line":50,"column":46}},"32":{"start":{"line":51,"column":4},"end":{"line":53,"column":5}},"33":{"start":{"line":52,"column":8},"end":{"line":52,"column":76}},"34":{"start":{"line":54,"column":4},"end":{"line":54,"column":19}},"35":{"start":{"line":49,"column":13},"end":{"line":49,"column":26}}},"fnMap":{"0":{"name":"(anonymous_23)","decl":{"start":{"line":17,"column":66},"end":{"line":17,"column":67}},"loc":{"start":{"line":17,"column":79},"end":{"line":47,"column":1}}},"1":{"name":"(anonymous_24)","decl":{"start":{"line":21,"column":26},"end":{"line":21,"column":33}},"loc":{"start":{"line":21,"column":59},"end":{"line":25,"column":6}}},"2":{"name":"(anonymous_25)","decl":{"start":{"line":21,"column":59},"end":{"line":21,"column":null}},"loc":{"start":{"line":21,"column":59},"end":{"line":25,"column":6}}},"3":{"name":"(anonymous_27)","decl":{"start":{"line":27,"column":23},"end":{"line":27,"column":24}},"loc":{"start":{"line":27,"column":43},"end":{"line":29,"column":5}}},"4":{"name":"(anonymous_28)","decl":{"start":{"line":28,"column":20},"end":{"line":28,"column":24}},"loc":{"start":{"line":28,"column":24},"end":{"line":28,"column":32}}},"5":{"name":"(anonymous_29)","decl":{"start":{"line":31,"column":26},"end":{"line":31,"column":27}},"loc":{"start":{"line":31,"column":58},"end":{"line":37,"column":5}}},"6":{"name":"(anonymous_30)","decl":{"start":{"line":32,"column":20},"end":{"line":32,"column":21}},"loc":{"start":{"line":32,"column":29},"end":{"line":33,"column":20}}},"7":{"name":"(anonymous_31)","decl":{"start":{"line":33,"column":25},"end":{"line":33,"column":26}},"loc":{"start":{"line":33,"column":27},"end":{"line":34,"column":17}}},"8":{"name":"(anonymous_32)","decl":{"start":{"line":38,"column":26},"end":{"line":38,"column":27}},"loc":{"start":{"line":38,"column":51},"end":{"line":40,"column":5}}},"9":{"name":"(anonymous_33)","decl":{"start":{"line":39,"column":20},"end":{"line":39,"column":24}},"loc":{"start":{"line":39,"column":24},"end":{"line":39,"column":32}}},"10":{"name":"(anonymous_34)","decl":{"start":{"line":39,"column":40},"end":{"line":39,"column":41}},"loc":{"start":{"line":39,"column":41},"end":{"line":39,"column":46}}},"11":{"name":"(anonymous_35)","decl":{"start":{"line":49,"column":26},"end":{"line":49,"column":null}},"loc":{"start":{"line":49,"column":26},"end":{"line":55,"column":1}}}},"branchMap":{"0":{"loc":{"start":{"line":22,"column":25},"end":{"line":22,"column":null}},"type":"switch","locations":[{"start":{"line":22,"column":25},"end":{"line":22,"column":null}}]},"1":{"loc":{"start":{"line":34,"column":16},"end":{"line":34,"column":52}},"type":"cond-expr","locations":[{"start":{"line":34,"column":41},"end":{"line":34,"column":48}},{"start":{"line":34,"column":51},"end":{"line":34,"column":52}}]},"2":{"loc":{"start":{"line":51,"column":4},"end":{"line":53,"column":5}},"type":"if","locations":[{"start":{"line":51,"column":4},"end":{"line":53,"column":5}}]}},"s":{"0":3,"1":3,"2":3,"3":3,"4":37,"5":37,"6":37,"7":37,"8":37,"9":37,"10":37,"11":37,"12":15,"13":15,"14":14,"15":13,"16":13,"17":37,"18":2,"19":2,"20":37,"21":1,"22":1,"23":2,"24":37,"25":1,"26":1,"27":2,"28":37,"29":3,"30":3,"31":60,"32":60,"33":2,"34":58,"35":3},"f":{"0":37,"1":15,"2":15,"3":2,"4":2,"5":1,"6":1,"7":2,"8":1,"9":1,"10":2,"11":60},"b":{"0":[15],"1":[1,1],"2":[2]}}
,"D:\\NexTurn\\user-profile-app\\src\\services\\profileService.ts": {"path":"D:\\NexTurn\\user-profile-app\\src\\services\\profileService.ts","statementMap":{"0":{"start":{"line":1,"column":0},"end":{"line":1,"column":35}},"1":{"start":{"line":11,"column":27},"end":{"line":12,"column":5}},"2":{"start":{"line":12,"column":2},"end":{"line":12,"column":35}},"3":{"start":{"line":11,"column":13},"end":{"line":11,"column":27}}},"fnMap":{"0":{"name":"(anonymous_0)","decl":{"start":{"line":11,"column":27},"end":{"line":11,"column":28}},"loc":{"start":{"line":11,"column":54},"end":{"line":12,"column":5}}}},"branchMap":{},"s":{"0":3,"1":3,"2":15,"3":3},"f":{"0":15},"b":{}}
,"D:\\NexTurn\\user-profile-app\\src\\utils\\convertUnits.ts": {"path":"D:\\NexTurn\\user-profile-app\\src\\utils\\convertUnits.ts","statementMap":{"0":{"start":{"line":1,"column":0},"end":{"line":1,"column":16}},"1":{"start":{"line":8,"column":0},"end":{"line":8,"column":16}},"2":{"start":{"line":12,"column":0},"end":{"line":12,"column":16}},"3":{"start":{"line":15,"column":0},"end":{"line":15,"column":16}},"4":{"start":{"line":2,"column":22},"end":{"line":2,"column":31}},"5":{"start":{"line":3,"column":13},"end":{"line":3,"column":41}},"6":{"start":{"line":4,"column":17},"end":{"line":4,"column":45}},"7":{"start":{"line":5,"column":2},"end":{"line":5,"column":26}},"8":{"start":{"line":9,"column":2},"end":{"line":9,"column":50}},"9":{"start":{"line":13,"column":2},"end":{"line":13,"column":36}},"10":{"start":{"line":16,"column":2},"end":{"line":16,"column":36}}},"fnMap":{"0":{"name":"cmToFeetInches","decl":{"start":{"line":1,"column":16},"end":{"line":1,"column":30}},"loc":{"start":{"line":1,"column":41},"end":{"line":6,"column":1}}},"1":{"name":"feetInchesToCm","decl":{"start":{"line":8,"column":16},"end":{"line":8,"column":30}},"loc":{"start":{"line":8,"column":57},"end":{"line":10,"column":1}}},"2":{"name":"kgToLb","decl":{"start":{"line":12,"column":16},"end":{"line":12,"column":22}},"loc":{"start":{"line":12,"column":33},"end":{"line":14,"column":1}}},"3":{"name":"lbToKg","decl":{"start":{"line":15,"column":16},"end":{"line":15,"column":22}},"loc":{"start":{"line":15,"column":33},"end":{"line":17,"column":1}}}},"branchMap":{},"s":{"0":3,"1":3,"2":3,"3":3,"4":2,"5":2,"6":2,"7":2,"8":2,"9":2,"10":2},"f":{"0":2,"1":2,"2":2,"3":2},"b":{}}
}
