TN:
SF:src\App.tsx
FN:11,(anonymous_10)
FN:33,(anonymous_11)
FN:39,(anonymous_12)
FN:43,(anonymous_13)
FN:59,(anonymous_14)
FN:68,(anonymous_15)
FN:73,(anonymous_16)
FNF:7
FNH:7
FNDA:17,(anonymous_10)
FNDA:2,(anonymous_11)
FNDA:4,(anonymous_12)
FNDA:2,(anonymous_13)
FNDA:1,(anonymous_14)
FNDA:2,(anonymous_15)
FNDA:1,(anonymous_16)
DA:1,3
DA:2,3
DA:3,3
DA:5,3
DA:6,3
DA:7,3
DA:11,3
DA:12,17
DA:13,17
DA:14,17
DA:15,17
DA:16,17
DA:19,17
DA:33,17
DA:34,2
DA:35,2
DA:36,2
DA:39,17
DA:40,4
DA:43,17
DA:44,2
DA:45,1
DA:47,1
DA:49,2
DA:50,2
DA:53,17
DA:59,1
DA:69,2
DA:70,2
DA:71,2
DA:74,1
DA:88,3
LF:32
LH:32
BRDA:44,0,0,1
BRDA:44,0,1,1
BRDA:61,1,0,3
BRDA:61,1,1,14
BRDA:61,2,0,17
BRDA:61,2,1,3
BRDA:64,3,0,3
BRDA:64,3,1,14
BRDA:68,4,0,17
BRDA:68,4,1,9
BRF:10
BRH:10
end_of_record
TN:
SF:src\api\axios.ts
FNF:0
FNH:0
DA:1,3
DA:3,3
LF:2
LH:2
BRF:0
BRH:0
end_of_record
TN:
SF:src\assets\uiText\form.ts
FNF:0
FNH:0
DA:1,3
LF:1
LH:1
BRF:0
BRH:0
end_of_record
TN:
SF:src\assets\uiText\table.ts
FNF:0
FNH:0
DA:1,3
LF:1
LH:1
BRF:0
BRH:0
end_of_record
TN:
SF:src\components\Button.tsx
FN:8,(anonymous_1)
FNF:1
FNH:1
FNDA:34,(anonymous_1)
DA:1,3
DA:2,3
DA:8,34
DA:9,34
DA:22,3
LF:5
LH:5
BRF:0
BRH:0
end_of_record
TN:
SF:src\components\FormProfile.tsx
FN:26,(anonymous_12)
FN:39,(anonymous_13)
FN:46,(anonymous_14)
FN:50,(anonymous_15)
FN:54,(anonymous_16)
FN:59,(anonymous_17)
FN:78,(anonymous_18)
FN:107,(anonymous_19)
FN:140,(anonymous_20)
FN:141,(anonymous_21)
FN:143,(anonymous_22)
FN:144,(anonymous_23)
FN:153,(anonymous_24)
FN:215,(anonymous_25)
FN:244,(anonymous_26)
FN:256,(anonymous_27)
FN:268,(anonymous_28)
FN:292,(anonymous_29)
FN:298,(anonymous_30)
FN:323,(anonymous_31)
FN:333,(anonymous_32)
FN:339,(anonymous_33)
FN:357,(anonymous_34)
FN:375,(anonymous_35)
FN:386,(anonymous_36)
FN:392,(anonymous_37)
FN:410,(anonymous_38)
FN:420,(anonymous_39)
FN:423,(anonymous_40)
FN:431,(anonymous_41)
FNF:30
FNH:29
FNDA:63,(anonymous_12)
FNDA:34,(anonymous_13)
FNDA:17,(anonymous_14)
FNDA:163,(anonymous_15)
FNDA:727,(anonymous_16)
FNDA:791,(anonymous_17)
FNDA:2,(anonymous_18)
FNDA:2,(anonymous_19)
FNDA:1,(anonymous_20)
FNDA:1,(anonymous_21)
FNDA:1,(anonymous_22)
FNDA:0,(anonymous_23)
FNDA:3,(anonymous_24)
FNDA:27,(anonymous_25)
FNDA:1674,(anonymous_26)
FNDA:648,(anonymous_27)
FNDA:5400,(anonymous_28)
FNDA:2,(anonymous_29)
FNDA:108,(anonymous_30)
FNDA:4,(anonymous_31)
FNDA:1,(anonymous_32)
FNDA:62,(anonymous_33)
FNDA:5,(anonymous_34)
FNDA:2,(anonymous_35)
FNDA:1,(anonymous_36)
FNDA:46,(anonymous_37)
FNDA:162,(anonymous_38)
FNDA:2,(anonymous_39)
FNDA:2,(anonymous_40)
FNDA:1,(anonymous_41)
DA:1,3
DA:3,3
DA:4,3
DA:10,3
DA:11,3
DA:12,3
DA:13,3
DA:14,3
DA:15,3
DA:26,63
DA:28,63
DA:29,63
DA:30,63
DA:31,63
DA:32,63
DA:33,63
DA:34,63
DA:35,63
DA:36,63
DA:37,63
DA:38,63
DA:39,63
DA:40,34
DA:41,12
DA:42,12
DA:46,63
DA:47,17
DA:50,63
DA:51,163
DA:53,163
DA:54,727
DA:56,163
DA:59,791
DA:60,791
DA:61,727
DA:64,163
DA:65,8
DA:66,8
DA:69,163
DA:78,63
DA:79,2
DA:80,2
DA:82,2
DA:83,1
DA:84,1
DA:85,1
DA:86,1
DA:88,1
DA:95,1
DA:96,1
DA:98,1
DA:107,63
DA:108,2
DA:109,2
DA:111,2
DA:112,1
DA:113,1
DA:114,1
DA:115,1
DA:117,1
DA:124,1
DA:125,1
DA:127,1
DA:137,63
DA:140,1
DA:141,1
DA:143,1
DA:144,0
DA:154,3
DA:155,3
DA:215,27
DA:244,1674
DA:256,648
DA:268,5400
DA:293,2
DA:294,2
DA:298,108
DA:324,4
DA:325,4
DA:334,1
DA:335,1
DA:339,62
DA:358,5
DA:359,5
DA:360,5
DA:361,5
DA:376,2
DA:377,2
DA:378,2
DA:379,2
DA:387,1
DA:388,1
DA:392,46
DA:410,162
DA:420,2
DA:424,2
DA:425,2
DA:431,1
DA:454,3
LF:99
LH:98
BRDA:26,0,0,0
BRDA:26,0,1,63
BRDA:40,1,0,12
BRDA:54,2,0,727
BRDA:54,2,1,727
BRDA:54,2,2,585
BRDA:56,3,0,163
BRDA:56,3,1,163
BRDA:56,3,2,163
BRDA:56,4,0,0
BRDA:56,4,1,163
BRDA:56,5,0,163
BRDA:56,5,1,163
BRDA:56,6,0,0
BRDA:56,6,1,163
BRDA:56,7,0,163
BRDA:56,7,1,163
BRDA:56,8,0,0
BRDA:56,8,1,163
BRDA:56,9,0,163
BRDA:56,9,1,163
BRDA:59,10,0,163
BRDA:59,10,1,21
BRDA:60,11,0,64
BRDA:64,12,0,8
BRDA:82,13,0,1
BRDA:82,13,1,1
BRDA:111,14,0,1
BRDA:111,14,1,1
BRDA:139,15,0,63
BRDA:139,15,1,54
BRDA:162,16,0,6
BRDA:162,16,1,57
BRDA:163,17,0,63
BRDA:163,17,1,9
BRDA:164,18,0,9
BRDA:164,18,1,5
BRDA:164,19,0,3
BRDA:164,19,1,6
BRDA:164,20,0,9
BRDA:164,20,1,9
BRDA:209,21,0,63
BRDA:209,21,1,9
BRDA:236,22,0,63
BRDA:236,22,1,54
BRDA:276,23,0,63
BRDA:276,23,1,54
BRDA:309,24,0,63
BRDA:309,24,1,54
BRDA:310,25,0,31
BRDA:310,25,1,23
BRDA:325,26,0,0
BRDA:325,26,1,4
BRDA:359,27,0,3
BRDA:359,27,1,2
BRDA:377,28,0,1
BRDA:377,28,1,1
BRDA:404,29,0,63
BRDA:404,29,1,54
BRDA:442,30,0,55
BRDA:442,30,1,8
BRF:61
BRH:56
end_of_record
TN:
SF:src\components\Modal.tsx
FN:9,(anonymous_1)
FNF:1
FNH:1
FNDA:149,(anonymous_1)
DA:1,3
DA:9,149
DA:10,149
DA:12,10
DA:27,3
LF:5
LH:5
BRDA:10,0,0,139
BRF:1
BRH:1
end_of_record
TN:
SF:src\components\PolicyContent.tsx
FN:6,(anonymous_1)
FNF:1
FNH:1
FNDA:2,(anonymous_1)
DA:1,3
DA:2,3
DA:6,3
DA:7,2
DA:31,3
LF:5
LH:5
BRF:0
BRH:0
end_of_record
TN:
SF:src\components\ResetPassword.tsx
FN:5,(anonymous_11)
FN:14,(anonymous_12)
FN:38,(anonymous_13)
FN:45,(anonymous_14)
FN:45,(anonymous_15)
FN:66,(anonymous_16)
FN:73,(anonymous_17)
FN:73,(anonymous_18)
FNF:8
FNH:8
FNDA:46,(anonymous_11)
FNDA:1,(anonymous_12)
FNDA:20,(anonymous_13)
FNDA:2,(anonymous_14)
FNDA:2,(anonymous_15)
FNDA:20,(anonymous_16)
FNDA:1,(anonymous_17)
FNDA:1,(anonymous_18)
DA:1,3
DA:5,46
DA:6,46
DA:7,46
DA:8,46
DA:10,46
DA:12,46
DA:14,46
DA:15,1
DA:16,1
DA:19,46
DA:38,20
DA:45,2
DA:66,20
DA:73,1
DA:97,3
LF:16
LH:16
BRDA:10,0,0,46
BRDA:10,0,1,20
BRDA:12,1,0,46
BRDA:12,1,1,40
BRDA:12,1,2,20
BRDA:36,2,0,1
BRDA:36,2,1,45
BRDA:48,3,0,1
BRDA:48,3,1,45
BRDA:60,4,0,19
BRDA:60,4,1,27
BRDA:64,5,0,1
BRDA:64,5,1,45
BRDA:76,6,0,1
BRDA:76,6,1,45
BRDA:79,7,0,46
BRDA:79,7,1,19
BRDA:88,8,0,1
BRDA:88,8,1,45
BRF:19
BRH:19
end_of_record
TN:
SF:src\components\Loader\Loader.tsx
FN:5,(anonymous_1)
FNF:1
FNH:1
FNDA:17,(anonymous_1)
DA:1,3
DA:2,3
DA:3,3
DA:5,3
DA:6,17
DA:13,3
LF:6
LH:6
BRF:0
BRH:0
end_of_record
TN:
SF:src\components\UserTable\FilterBar.tsx
FN:15,(anonymous_9)
FN:23,(anonymous_10)
FN:34,(anonymous_11)
FN:42,(anonymous_12)
FN:46,(anonymous_13)
FNF:5
FNH:5
FNDA:45,(anonymous_9)
FNDA:5,(anonymous_10)
FNDA:4,(anonymous_11)
FNDA:180,(anonymous_12)
FNDA:1,(anonymous_13)
DA:1,3
DA:2,3
DA:3,3
DA:4,3
DA:13,3
DA:15,3
DA:16,45
DA:17,45
DA:18,45
DA:19,45
DA:21,45
DA:23,45
DA:24,5
DA:25,1
DA:26,1
DA:30,45
DA:34,4
DA:42,180
DA:46,1
DA:57,3
LF:20
LH:20
BRDA:24,0,0,1
BRDA:45,1,0,45
BRDA:45,1,1,135
BRDA:47,2,0,45
BRDA:47,2,1,135
BRF:5
BRH:5
end_of_record
TN:
SF:src\components\UserTable\TableComponent.tsx
FN:21,(anonymous_23)
FN:29,(anonymous_24)
FN:30,(anonymous_25)
FN:52,(anonymous_28)
FN:52,(anonymous_29)
FN:67,(anonymous_30)
FN:67,(anonymous_31)
FN:67,(anonymous_32)
FN:75,(anonymous_33)
FNF:9
FNH:9
FNDA:58,(anonymous_23)
FNDA:17,(anonymous_24)
FNDA:34,(anonymous_25)
FNDA:1,(anonymous_28)
FNDA:1,(anonymous_29)
FNDA:3,(anonymous_30)
FNDA:2,(anonymous_31)
FNDA:2,(anonymous_32)
FNDA:181,(anonymous_33)
DA:1,3
DA:2,3
DA:3,3
DA:4,3
DA:5,3
DA:6,3
DA:8,3
DA:9,3
DA:10,3
DA:11,3
DA:12,3
DA:21,58
DA:22,58
DA:23,58
DA:24,58
DA:25,58
DA:26,58
DA:27,58
DA:28,58
DA:29,58
DA:30,34
DA:31,17
DA:33,33
DA:39,15
DA:41,1
DA:42,1
DA:46,17
DA:50,58
DA:52,1
DA:67,3
DA:76,181
DA:77,124
DA:78,67
DA:87,3
LF:34
LH:34
BRDA:54,0,0,17
BRDA:54,0,1,41
BRDA:63,1,0,14
BRDA:63,1,1,27
BRDA:76,2,0,57
BRDA:77,3,0,57
BRF:6
BRH:6
end_of_record
TN:
SF:src\components\UserTable\TableUser.tsx
FN:15,(anonymous_1)
FN:27,(anonymous_2)
FN:52,(anonymous_3)
FN:63,(anonymous_4)
FN:65,(anonymous_5)
FN:85,(anonymous_6)
FN:87,(anonymous_7)
FN:89,(anonymous_8)
FN:95,(anonymous_9)
FNF:9
FNH:9
FNDA:27,(anonymous_1)
FNDA:23,(anonymous_2)
FNDA:23,(anonymous_3)
FNDA:23,(anonymous_4)
FNDA:8,(anonymous_5)
FNDA:23,(anonymous_6)
FNDA:3,(anonymous_7)
FNDA:2,(anonymous_8)
FNDA:2,(anonymous_9)
DA:1,3
DA:2,3
DA:5,3
DA:6,3
DA:15,3
DA:16,27
DA:17,27
DA:18,27
DA:19,27
DA:22,27
DA:27,23
DA:53,23
DA:54,23
DA:55,23
DA:56,23
DA:63,38
DA:65,8
DA:85,23
DA:87,3
DA:89,2
DA:96,2
DA:103,27
DA:116,3
LF:23
LH:23
BRDA:54,0,0,1
BRDA:55,1,0,1
BRDA:63,2,0,15
BRDA:96,3,0,2
BRF:4
BRH:4
end_of_record
TN:
SF:src\context\Loader.tsx
FN:10,(anonymous_0)
FNF:1
FNH:1
FNDA:33,(anonymous_0)
DA:10,3
DA:11,33
DA:13,17
DA:16,16
LF:4
LH:4
BRDA:11,0,0,17
BRDA:11,0,1,15
BRDA:11,0,2,16
BRF:3
BRH:3
end_of_record
TN:
SF:src\context\ProfileContext.tsx
FN:17,(anonymous_23)
FN:21,(anonymous_24)
FN:21,(anonymous_25)
FN:27,(anonymous_27)
FN:28,(anonymous_28)
FN:31,(anonymous_29)
FN:32,(anonymous_30)
FN:33,(anonymous_31)
FN:38,(anonymous_32)
FN:39,(anonymous_33)
FN:39,(anonymous_34)
FN:49,(anonymous_35)
FNF:12
FNH:12
FNDA:37,(anonymous_23)
FNDA:15,(anonymous_24)
FNDA:15,(anonymous_25)
FNDA:2,(anonymous_27)
FNDA:2,(anonymous_28)
FNDA:1,(anonymous_29)
FNDA:1,(anonymous_30)
FNDA:2,(anonymous_31)
FNDA:1,(anonymous_32)
FNDA:1,(anonymous_33)
FNDA:2,(anonymous_34)
FNDA:60,(anonymous_35)
DA:1,3
DA:3,3
DA:15,3
DA:17,37
DA:18,37
DA:19,37
DA:21,37
DA:22,15
DA:23,13
DA:24,13
DA:27,37
DA:28,2
DA:31,37
DA:32,1
DA:33,1
DA:34,2
DA:38,37
DA:39,2
DA:42,37
DA:49,3
DA:50,60
DA:51,60
DA:52,2
DA:54,58
LF:24
LH:24
BRDA:22,0,0,15
BRDA:34,1,0,1
BRDA:34,1,1,1
BRDA:51,2,0,2
BRF:4
BRH:4
end_of_record
TN:
SF:src\services\profileService.ts
FN:11,(anonymous_0)
FNF:1
FNH:1
FNDA:15,(anonymous_0)
DA:1,3
DA:11,3
DA:12,15
LF:3
LH:3
BRF:0
BRH:0
end_of_record
TN:
SF:src\utils\convertUnits.ts
FN:1,cmToFeetInches
FN:8,feetInchesToCm
FN:12,kgToLb
FN:15,lbToKg
FNF:4
FNH:4
FNDA:2,cmToFeetInches
FNDA:2,feetInchesToCm
FNDA:2,kgToLb
FNDA:2,lbToKg
DA:1,3
DA:2,2
DA:3,2
DA:4,2
DA:5,2
DA:8,3
DA:9,2
DA:12,3
DA:13,2
DA:15,3
DA:16,2
LF:11
LH:11
BRF:0
BRH:0
end_of_record
